<?xml version="1.0" encoding="UTF-8"?>
<coverage generated="1594014947011" clover="3.2.0">
  <project timestamp="1594014947011" name="All files">
    <metrics statements="153" coveredstatements="153" conditionals="76" coveredconditionals="73" methods="98" coveredmethods="67" elements="327" coveredelements="293" complexity="0" loc="153" ncloc="153" packages="1" files="2" classes="2"/>
    <file name="MutationTestComponent.js" path="C:\Users\Abhisht\Downloads\obi-master\mobile\App\Containers\StoryLine\MutationTestComponent.js">
      <metrics statements="121" coveredstatements="121" conditionals="70" coveredconditionals="69" methods="34" coveredmethods="34"/>
      <line num="1" count="1" type="stmt"/>
      <line num="3" count="1" type="stmt"/>
      <line num="4" count="1" type="stmt"/>
      <line num="5" count="1" type="stmt"/>
      <line num="6" count="1" type="cond" truecount="3" falsecount="1"/>
      <line num="19" count="1" type="stmt"/>
      <line num="20" count="4" type="stmt"/>
      <line num="21" count="4" type="stmt"/>
      <line num="22" count="4" type="stmt"/>
      <line num="29" count="10" type="stmt"/>
      <line num="30" count="10" type="cond" truecount="2" falsecount="0"/>
      <line num="31" count="7" type="cond" truecount="2" falsecount="0"/>
      <line num="32" count="6" type="cond" truecount="2" falsecount="0"/>
      <line num="33" count="4" type="stmt"/>
      <line num="36" count="3" type="stmt"/>
      <line num="48" count="1" type="stmt"/>
      <line num="52" count="1" type="stmt"/>
      <line num="53" count="4" type="stmt"/>
      <line num="54" count="4" type="stmt"/>
      <line num="60" count="10" type="stmt"/>
      <line num="61" count="10" type="cond" truecount="2" falsecount="0"/>
      <line num="62" count="7" type="cond" truecount="2" falsecount="0"/>
      <line num="63" count="6" type="cond" truecount="2" falsecount="0"/>
      <line num="64" count="4" type="stmt"/>
      <line num="67" count="3" type="stmt"/>
      <line num="78" count="1" type="stmt"/>
      <line num="82" count="1" type="stmt"/>
      <line num="83" count="4" type="stmt"/>
      <line num="84" count="4" type="stmt"/>
      <line num="90" count="10" type="stmt"/>
      <line num="91" count="10" type="cond" truecount="2" falsecount="0"/>
      <line num="92" count="7" type="cond" truecount="2" falsecount="0"/>
      <line num="93" count="6" type="cond" truecount="2" falsecount="0"/>
      <line num="94" count="2" type="stmt"/>
      <line num="96" count="4" type="stmt"/>
      <line num="99" count="3" type="stmt"/>
      <line num="110" count="1" type="stmt"/>
      <line num="114" count="1" type="stmt"/>
      <line num="115" count="4" type="stmt"/>
      <line num="116" count="4" type="stmt"/>
      <line num="117" count="4" type="stmt"/>
      <line num="124" count="10" type="stmt"/>
      <line num="125" count="10" type="cond" truecount="2" falsecount="0"/>
      <line num="126" count="7" type="cond" truecount="2" falsecount="0"/>
      <line num="127" count="6" type="cond" truecount="2" falsecount="0"/>
      <line num="128" count="2" type="stmt"/>
      <line num="130" count="4" type="stmt"/>
      <line num="133" count="3" type="stmt"/>
      <line num="145" count="1" type="stmt"/>
      <line num="149" count="1" type="stmt"/>
      <line num="150" count="4" type="stmt"/>
      <line num="151" count="4" type="stmt"/>
      <line num="152" count="4" type="stmt"/>
      <line num="159" count="10" type="stmt"/>
      <line num="160" count="10" type="cond" truecount="2" falsecount="0"/>
      <line num="161" count="7" type="cond" truecount="2" falsecount="0"/>
      <line num="162" count="6" type="cond" truecount="2" falsecount="0"/>
      <line num="163" count="2" type="stmt"/>
      <line num="165" count="4" type="stmt"/>
      <line num="168" count="3" type="stmt"/>
      <line num="180" count="1" type="stmt"/>
      <line num="184" count="1" type="stmt"/>
      <line num="185" count="4" type="stmt"/>
      <line num="186" count="4" type="stmt"/>
      <line num="192" count="10" type="stmt"/>
      <line num="193" count="10" type="cond" truecount="2" falsecount="0"/>
      <line num="194" count="7" type="cond" truecount="2" falsecount="0"/>
      <line num="195" count="6" type="cond" truecount="2" falsecount="0"/>
      <line num="196" count="2" type="stmt"/>
      <line num="198" count="4" type="stmt"/>
      <line num="201" count="3" type="stmt"/>
      <line num="212" count="1" type="stmt"/>
      <line num="216" count="4" type="stmt"/>
      <line num="218" count="10" type="stmt"/>
      <line num="219" count="10" type="cond" truecount="2" falsecount="0"/>
      <line num="220" count="7" type="cond" truecount="2" falsecount="0"/>
      <line num="221" count="6" type="cond" truecount="2" falsecount="0"/>
      <line num="222" count="2" type="stmt"/>
      <line num="224" count="4" type="stmt"/>
      <line num="227" count="3" type="stmt"/>
      <line num="238" count="1" type="stmt"/>
      <line num="242" count="1" type="stmt"/>
      <line num="243" count="4" type="stmt"/>
      <line num="244" count="4" type="stmt"/>
      <line num="250" count="10" type="stmt"/>
      <line num="251" count="10" type="cond" truecount="2" falsecount="0"/>
      <line num="252" count="7" type="cond" truecount="2" falsecount="0"/>
      <line num="253" count="6" type="cond" truecount="2" falsecount="0"/>
      <line num="254" count="2" type="stmt"/>
      <line num="256" count="4" type="stmt"/>
      <line num="259" count="3" type="stmt"/>
      <line num="270" count="1" type="stmt"/>
      <line num="274" count="1" type="stmt"/>
      <line num="275" count="4" type="stmt"/>
      <line num="276" count="4" type="stmt"/>
      <line num="282" count="10" type="stmt"/>
      <line num="283" count="10" type="cond" truecount="2" falsecount="0"/>
      <line num="284" count="7" type="cond" truecount="2" falsecount="0"/>
      <line num="285" count="6" type="cond" truecount="2" falsecount="0"/>
      <line num="286" count="2" type="stmt"/>
      <line num="288" count="4" type="stmt"/>
      <line num="291" count="3" type="stmt"/>
      <line num="302" count="1" type="stmt"/>
      <line num="306" count="4" type="stmt"/>
      <line num="308" count="10" type="stmt"/>
      <line num="309" count="10" type="cond" truecount="2" falsecount="0"/>
      <line num="310" count="7" type="cond" truecount="2" falsecount="0"/>
      <line num="311" count="6" type="cond" truecount="2" falsecount="0"/>
      <line num="312" count="2" type="stmt"/>
      <line num="319" count="4" type="stmt"/>
      <line num="322" count="3" type="stmt"/>
      <line num="333" count="1" type="stmt"/>
      <line num="337" count="4" type="stmt"/>
      <line num="339" count="10" type="stmt"/>
      <line num="340" count="10" type="cond" truecount="2" falsecount="0"/>
      <line num="341" count="7" type="cond" truecount="2" falsecount="0"/>
      <line num="342" count="6" type="cond" truecount="2" falsecount="0"/>
      <line num="343" count="2" type="stmt"/>
      <line num="349" count="4" type="stmt"/>
      <line num="352" count="3" type="stmt"/>
      <line num="363" count="1" type="stmt"/>
    </file>
    <file name="my_queries.js" path="C:\Users\Abhisht\Downloads\obi-master\mobile\App\Containers\StoryLine\my_queries.js">
      <metrics statements="32" coveredstatements="32" conditionals="6" coveredconditionals="4" methods="64" coveredmethods="33"/>
      <line num="1" count="31" type="cond" truecount="4" falsecount="2"/>
      <line num="3" count="1" type="stmt"/>
      <line num="17" count="1" type="stmt"/>
      <line num="26" count="1" type="stmt"/>
      <line num="33" count="1" type="stmt"/>
      <line num="42" count="1" type="stmt"/>
      <line num="50" count="1" type="stmt"/>
      <line num="71" count="1" type="stmt"/>
      <line num="78" count="1" type="stmt"/>
      <line num="85" count="1" type="stmt"/>
      <line num="103" count="1" type="stmt"/>
      <line num="111" count="1" type="stmt"/>
      <line num="119" count="1" type="stmt"/>
      <line num="129" count="1" type="stmt"/>
      <line num="136" count="1" type="stmt"/>
      <line num="144" count="1" type="stmt"/>
      <line num="165" count="1" type="stmt"/>
      <line num="203" count="1" type="stmt"/>
      <line num="213" count="1" type="stmt"/>
      <line num="226" count="1" type="stmt"/>
      <line num="269" count="1" type="stmt"/>
      <line num="277" count="1" type="stmt"/>
      <line num="346" count="1" type="stmt"/>
      <line num="360" count="1" type="stmt"/>
      <line num="371" count="1" type="stmt"/>
      <line num="380" count="1" type="stmt"/>
      <line num="391" count="1" type="stmt"/>
      <line num="399" count="1" type="stmt"/>
      <line num="407" count="1" type="stmt"/>
      <line num="414" count="1" type="stmt"/>
      <line num="419" count="1" type="stmt"/>
      <line num="427" count="1" type="stmt"/>
    </file>
  </project>
</coverage>
