<?xml version="1.0" encoding="UTF-8"?>
<coverage generated="1593784135966" clover="3.2.0">
  <project timestamp="1593784135966" name="All files">
    <metrics statements="52" coveredstatements="52" conditionals="26" coveredconditionals="19" methods="75" coveredmethods="41" elements="153" coveredelements="112" complexity="0" loc="52" ncloc="52" packages="1" files="2" classes="2"/>
    <file name="NFQueryCompo.js" path="C:\Users\Abhisht\Downloads\obi-master\mobile\App\Containers\StoryLine\NFQueryCompo.js">
      <metrics statements="17" coveredstatements="17" conditionals="20" coveredconditionals="15" methods="5" coveredmethods="5"/>
      <line num="1" count="1" type="stmt"/>
      <line num="2" count="1" type="stmt"/>
      <line num="3" count="1" type="stmt"/>
      <line num="4" count="1" type="stmt"/>
      <line num="5" count="1" type="cond" truecount="3" falsecount="1"/>
      <line num="10" count="4" type="stmt"/>
      <line num="12" count="8" type="stmt"/>
      <line num="13" count="8" type="cond" truecount="2" falsecount="0"/>
      <line num="14" count="4" type="cond" truecount="2" falsecount="0"/>
      <line num="15" count="2" type="stmt"/>
      <line num="21" count="1" type="stmt"/>
      <line num="24" count="4" type="stmt"/>
      <line num="26" count="8" type="stmt"/>
      <line num="27" count="8" type="cond" truecount="2" falsecount="0"/>
      <line num="28" count="4" type="cond" truecount="2" falsecount="0"/>
      <line num="29" count="2" type="stmt"/>
      <line num="41" count="1" type="stmt"/>
    </file>
    <file name="my_queries.js" path="C:\Users\Abhisht\Downloads\obi-master\mobile\App\Containers\StoryLine\my_queries.js">
      <metrics statements="35" coveredstatements="35" conditionals="6" coveredconditionals="4" methods="70" coveredmethods="36"/>
      <line num="1" count="34" type="cond" truecount="4" falsecount="2"/>
      <line num="3" count="1" type="stmt"/>
      <line num="18" count="1" type="stmt"/>
      <line num="25" count="1" type="stmt"/>
      <line num="34" count="1" type="stmt"/>
      <line num="42" count="1" type="stmt"/>
      <line num="63" count="1" type="stmt"/>
      <line num="70" count="1" type="stmt"/>
      <line num="77" count="1" type="stmt"/>
      <line num="95" count="1" type="stmt"/>
      <line num="103" count="1" type="stmt"/>
      <line num="111" count="1" type="stmt"/>
      <line num="119" count="1" type="stmt"/>
      <line num="126" count="1" type="stmt"/>
      <line num="134" count="1" type="stmt"/>
      <line num="155" count="1" type="stmt"/>
      <line num="163" count="1" type="stmt"/>
      <line num="200" count="1" type="stmt"/>
      <line num="210" count="1" type="stmt"/>
      <line num="231" count="1" type="stmt"/>
      <line num="274" count="1" type="stmt"/>
      <line num="282" count="1" type="stmt"/>
      <line num="302" count="1" type="stmt"/>
      <line num="310" count="1" type="stmt"/>
      <line num="323" count="1" type="stmt"/>
      <line num="351" count="1" type="stmt"/>
      <line num="365" count="1" type="stmt"/>
      <line num="376" count="1" type="stmt"/>
      <line num="385" count="1" type="stmt"/>
      <line num="396" count="1" type="stmt"/>
      <line num="404" count="1" type="stmt"/>
      <line num="412" count="1" type="stmt"/>
      <line num="419" count="1" type="stmt"/>
      <line num="424" count="1" type="stmt"/>
      <line num="432" count="1" type="stmt"/>
    </file>
  </project>
</coverage>
