{"C:\\Users\\Abhisht\\Downloads\\obi-master\\mobile\\App\\Containers\\StoryLine\\MutationTestComponent.js": {"path":"C:\\Users\\Abhisht\\Downloads\\obi-master\\mobile\\App\\Containers\\StoryLine\\MutationTestComponent.js","statementMap":{"0":{"start":{"line":1,"column":13},"end":{"line":1,"column":75}},"1":{"start":{"line":1,"column":75},"end":{"line":1,"column":397}},"2":{"start":{"line":3,"column":13},"end":{"line":3,"column":53}},"3":{"start":{"line":4,"column":19},"end":{"line":4,"column":42}},"4":{"start":{"line":5,"column":19},"end":{"line":5,"column":42}},"5":{"start":{"line":6,"column":18},"end":{"line":6,"column":41}},"6":{"start":{"line":6,"column":61},"end":{"line":6,"column":166}},"7":{"start":{"line":6,"column":205},"end":{"line":6,"column":259}},"8":{"start":{"line":19,"column":31},"end":{"line":48,"column":9}},"9":{"start":{"line":20,"column":17},"end":{"line":20,"column":34}},"10":{"start":{"line":21,"column":14},"end":{"line":21,"column":28}},"11":{"start":{"line":22,"column":10},"end":{"line":22,"column":20}},"12":{"start":{"line":22,"column":21},"end":{"line":48,"column":8}},"13":{"start":{"line":29,"column":44},"end":{"line":29,"column":57}},"14":{"start":{"line":29,"column":66},"end":{"line":29,"column":77}},"15":{"start":{"line":29,"column":85},"end":{"line":29,"column":95}},"16":{"start":{"line":30,"column":6},"end":{"line":30,"column":164}},"17":{"start":{"line":30,"column":19},"end":{"line":30,"column":164}},"18":{"start":{"line":31,"column":6},"end":{"line":31,"column":158}},"19":{"start":{"line":31,"column":17},"end":{"line":31,"column":158}},"20":{"start":{"line":32,"column":6},"end":{"line":32,"column":179}},"21":{"start":{"line":32,"column":16},"end":{"line":32,"column":179}},"22":{"start":{"line":33,"column":6},"end":{"line":41,"column":116}},"23":{"start":{"line":36,"column":39},"end":{"line":41,"column":37}},"24":{"start":{"line":48,"column":10},"end":{"line":48,"column":70}},"25":{"start":{"line":52,"column":28},"end":{"line":78,"column":9}},"26":{"start":{"line":53,"column":14},"end":{"line":53,"column":29}},"27":{"start":{"line":54,"column":9},"end":{"line":54,"column":19}},"28":{"start":{"line":54,"column":20},"end":{"line":78,"column":8}},"29":{"start":{"line":60,"column":44},"end":{"line":60,"column":57}},"30":{"start":{"line":60,"column":66},"end":{"line":60,"column":77}},"31":{"start":{"line":60,"column":85},"end":{"line":60,"column":95}},"32":{"start":{"line":61,"column":6},"end":{"line":61,"column":164}},"33":{"start":{"line":61,"column":19},"end":{"line":61,"column":164}},"34":{"start":{"line":62,"column":6},"end":{"line":62,"column":158}},"35":{"start":{"line":62,"column":17},"end":{"line":62,"column":158}},"36":{"start":{"line":63,"column":6},"end":{"line":63,"column":182}},"37":{"start":{"line":63,"column":16},"end":{"line":63,"column":182}},"38":{"start":{"line":64,"column":6},"end":{"line":71,"column":114}},"39":{"start":{"line":67,"column":39},"end":{"line":71,"column":35}},"40":{"start":{"line":78,"column":10},"end":{"line":78,"column":64}},"41":{"start":{"line":82,"column":30},"end":{"line":110,"column":9}},"42":{"start":{"line":83,"column":14},"end":{"line":83,"column":29}},"43":{"start":{"line":84,"column":9},"end":{"line":84,"column":19}},"44":{"start":{"line":84,"column":20},"end":{"line":110,"column":8}},"45":{"start":{"line":90,"column":44},"end":{"line":90,"column":57}},"46":{"start":{"line":90,"column":66},"end":{"line":90,"column":77}},"47":{"start":{"line":90,"column":85},"end":{"line":90,"column":95}},"48":{"start":{"line":91,"column":6},"end":{"line":91,"column":164}},"49":{"start":{"line":91,"column":19},"end":{"line":91,"column":164}},"50":{"start":{"line":92,"column":6},"end":{"line":92,"column":158}},"51":{"start":{"line":92,"column":17},"end":{"line":92,"column":158}},"52":{"start":{"line":93,"column":6},"end":{"line":95,"column":7}},"53":{"start":{"line":94,"column":8},"end":{"line":94,"column":177}},"54":{"start":{"line":96,"column":6},"end":{"line":103,"column":114}},"55":{"start":{"line":99,"column":39},"end":{"line":103,"column":35}},"56":{"start":{"line":110,"column":10},"end":{"line":110,"column":68}},"57":{"start":{"line":114,"column":25},"end":{"line":145,"column":9}},"58":{"start":{"line":115,"column":12},"end":{"line":115,"column":25}},"59":{"start":{"line":116,"column":12},"end":{"line":116,"column":25}},"60":{"start":{"line":117,"column":17},"end":{"line":117,"column":35}},"61":{"start":{"line":117,"column":36},"end":{"line":145,"column":8}},"62":{"start":{"line":124,"column":44},"end":{"line":124,"column":57}},"63":{"start":{"line":124,"column":66},"end":{"line":124,"column":77}},"64":{"start":{"line":124,"column":85},"end":{"line":124,"column":95}},"65":{"start":{"line":125,"column":6},"end":{"line":125,"column":165}},"66":{"start":{"line":125,"column":19},"end":{"line":125,"column":165}},"67":{"start":{"line":126,"column":6},"end":{"line":126,"column":159}},"68":{"start":{"line":126,"column":17},"end":{"line":126,"column":159}},"69":{"start":{"line":127,"column":6},"end":{"line":129,"column":7}},"70":{"start":{"line":128,"column":8},"end":{"line":128,"column":181}},"71":{"start":{"line":130,"column":6},"end":{"line":138,"column":131}},"72":{"start":{"line":133,"column":39},"end":{"line":138,"column":51}},"73":{"start":{"line":145,"column":10},"end":{"line":145,"column":58}},"74":{"start":{"line":149,"column":23},"end":{"line":180,"column":9}},"75":{"start":{"line":150,"column":18},"end":{"line":150,"column":37}},"76":{"start":{"line":151,"column":19},"end":{"line":151,"column":39}},"77":{"start":{"line":152,"column":20},"end":{"line":152,"column":41}},"78":{"start":{"line":152,"column":42},"end":{"line":180,"column":8}},"79":{"start":{"line":159,"column":45},"end":{"line":159,"column":59}},"80":{"start":{"line":159,"column":68},"end":{"line":159,"column":80}},"81":{"start":{"line":159,"column":88},"end":{"line":159,"column":99}},"82":{"start":{"line":160,"column":6},"end":{"line":160,"column":165}},"83":{"start":{"line":160,"column":19},"end":{"line":160,"column":165}},"84":{"start":{"line":161,"column":6},"end":{"line":161,"column":159}},"85":{"start":{"line":161,"column":17},"end":{"line":161,"column":159}},"86":{"start":{"line":162,"column":6},"end":{"line":164,"column":7}},"87":{"start":{"line":163,"column":8},"end":{"line":163,"column":182}},"88":{"start":{"line":165,"column":6},"end":{"line":173,"column":137}},"89":{"start":{"line":168,"column":39},"end":{"line":173,"column":57}},"90":{"start":{"line":180,"column":10},"end":{"line":180,"column":54}},"91":{"start":{"line":184,"column":23},"end":{"line":212,"column":9}},"92":{"start":{"line":185,"column":12},"end":{"line":185,"column":26}},"93":{"start":{"line":186,"column":22},"end":{"line":186,"column":46}},"94":{"start":{"line":186,"column":47},"end":{"line":212,"column":8}},"95":{"start":{"line":192,"column":45},"end":{"line":192,"column":59}},"96":{"start":{"line":192,"column":68},"end":{"line":192,"column":80}},"97":{"start":{"line":192,"column":88},"end":{"line":192,"column":99}},"98":{"start":{"line":193,"column":6},"end":{"line":193,"column":165}},"99":{"start":{"line":193,"column":19},"end":{"line":193,"column":165}},"100":{"start":{"line":194,"column":6},"end":{"line":194,"column":159}},"101":{"start":{"line":194,"column":17},"end":{"line":194,"column":159}},"102":{"start":{"line":195,"column":6},"end":{"line":197,"column":7}},"103":{"start":{"line":196,"column":8},"end":{"line":196,"column":176}},"104":{"start":{"line":198,"column":6},"end":{"line":205,"column":141}},"105":{"start":{"line":201,"column":39},"end":{"line":205,"column":61}},"106":{"start":{"line":212,"column":10},"end":{"line":212,"column":54}},"107":{"start":{"line":216,"column":21},"end":{"line":238,"column":9}},"108":{"start":{"line":216,"column":68},"end":{"line":216,"column":82}},"109":{"start":{"line":216,"column":95},"end":{"line":216,"column":111}},"110":{"start":{"line":216,"column":112},"end":{"line":238,"column":8}},"111":{"start":{"line":218,"column":45},"end":{"line":218,"column":59}},"112":{"start":{"line":218,"column":68},"end":{"line":218,"column":80}},"113":{"start":{"line":218,"column":88},"end":{"line":218,"column":99}},"114":{"start":{"line":219,"column":6},"end":{"line":219,"column":165}},"115":{"start":{"line":219,"column":19},"end":{"line":219,"column":165}},"116":{"start":{"line":220,"column":6},"end":{"line":220,"column":159}},"117":{"start":{"line":220,"column":17},"end":{"line":220,"column":159}},"118":{"start":{"line":221,"column":6},"end":{"line":223,"column":7}},"119":{"start":{"line":222,"column":8},"end":{"line":222,"column":175}},"120":{"start":{"line":224,"column":6},"end":{"line":231,"column":125}},"121":{"start":{"line":227,"column":39},"end":{"line":231,"column":45}},"122":{"start":{"line":238,"column":10},"end":{"line":238,"column":50}},"123":{"start":{"line":242,"column":27},"end":{"line":270,"column":9}},"124":{"start":{"line":243,"column":12},"end":{"line":243,"column":26}},"125":{"start":{"line":244,"column":14},"end":{"line":244,"column":30}},"126":{"start":{"line":244,"column":31},"end":{"line":270,"column":8}},"127":{"start":{"line":250,"column":45},"end":{"line":250,"column":59}},"128":{"start":{"line":250,"column":68},"end":{"line":250,"column":80}},"129":{"start":{"line":250,"column":88},"end":{"line":250,"column":99}},"130":{"start":{"line":251,"column":6},"end":{"line":251,"column":165}},"131":{"start":{"line":251,"column":19},"end":{"line":251,"column":165}},"132":{"start":{"line":252,"column":6},"end":{"line":252,"column":159}},"133":{"start":{"line":252,"column":17},"end":{"line":252,"column":159}},"134":{"start":{"line":253,"column":6},"end":{"line":255,"column":7}},"135":{"start":{"line":254,"column":8},"end":{"line":254,"column":167}},"136":{"start":{"line":256,"column":6},"end":{"line":263,"column":125}},"137":{"start":{"line":259,"column":39},"end":{"line":263,"column":45}},"138":{"start":{"line":270,"column":10},"end":{"line":270,"column":62}},"139":{"start":{"line":274,"column":28},"end":{"line":302,"column":9}},"140":{"start":{"line":275,"column":14},"end":{"line":275,"column":30}},"141":{"start":{"line":276,"column":14},"end":{"line":276,"column":30}},"142":{"start":{"line":276,"column":31},"end":{"line":302,"column":8}},"143":{"start":{"line":282,"column":45},"end":{"line":282,"column":59}},"144":{"start":{"line":282,"column":68},"end":{"line":282,"column":80}},"145":{"start":{"line":282,"column":88},"end":{"line":282,"column":99}},"146":{"start":{"line":283,"column":6},"end":{"line":283,"column":165}},"147":{"start":{"line":283,"column":19},"end":{"line":283,"column":165}},"148":{"start":{"line":284,"column":6},"end":{"line":284,"column":159}},"149":{"start":{"line":284,"column":17},"end":{"line":284,"column":159}},"150":{"start":{"line":285,"column":6},"end":{"line":287,"column":7}},"151":{"start":{"line":286,"column":8},"end":{"line":286,"column":159}},"152":{"start":{"line":288,"column":6},"end":{"line":295,"column":125}},"153":{"start":{"line":291,"column":39},"end":{"line":295,"column":45}},"154":{"start":{"line":302,"column":10},"end":{"line":302,"column":64}},"155":{"start":{"line":306,"column":16},"end":{"line":333,"column":9}},"156":{"start":{"line":306,"column":59},"end":{"line":306,"column":74}},"157":{"start":{"line":306,"column":86},"end":{"line":306,"column":101}},"158":{"start":{"line":306,"column":102},"end":{"line":333,"column":8}},"159":{"start":{"line":308,"column":45},"end":{"line":308,"column":59}},"160":{"start":{"line":308,"column":68},"end":{"line":308,"column":80}},"161":{"start":{"line":308,"column":88},"end":{"line":308,"column":99}},"162":{"start":{"line":309,"column":6},"end":{"line":309,"column":165}},"163":{"start":{"line":309,"column":19},"end":{"line":309,"column":165}},"164":{"start":{"line":310,"column":6},"end":{"line":310,"column":159}},"165":{"start":{"line":310,"column":17},"end":{"line":310,"column":159}},"166":{"start":{"line":311,"column":6},"end":{"line":318,"column":7}},"167":{"start":{"line":312,"column":8},"end":{"line":315,"column":36}},"168":{"start":{"line":319,"column":6},"end":{"line":326,"column":123}},"169":{"start":{"line":322,"column":39},"end":{"line":326,"column":43}},"170":{"start":{"line":333,"column":10},"end":{"line":333,"column":40}},"171":{"start":{"line":337,"column":19},"end":{"line":363,"column":9}},"172":{"start":{"line":337,"column":65},"end":{"line":337,"column":80}},"173":{"start":{"line":337,"column":92},"end":{"line":337,"column":107}},"174":{"start":{"line":337,"column":108},"end":{"line":363,"column":8}},"175":{"start":{"line":339,"column":45},"end":{"line":339,"column":59}},"176":{"start":{"line":339,"column":68},"end":{"line":339,"column":80}},"177":{"start":{"line":339,"column":88},"end":{"line":339,"column":99}},"178":{"start":{"line":340,"column":6},"end":{"line":340,"column":165}},"179":{"start":{"line":340,"column":19},"end":{"line":340,"column":165}},"180":{"start":{"line":341,"column":6},"end":{"line":341,"column":159}},"181":{"start":{"line":341,"column":17},"end":{"line":341,"column":159}},"182":{"start":{"line":342,"column":6},"end":{"line":348,"column":7}},"183":{"start":{"line":343,"column":8},"end":{"line":345,"column":30}},"184":{"start":{"line":349,"column":6},"end":{"line":356,"column":123}},"185":{"start":{"line":352,"column":39},"end":{"line":356,"column":43}},"186":{"start":{"line":363,"column":10},"end":{"line":363,"column":46}}},"fnMap":{"0":{"name":"_interopRequireDefault","decl":{"start":{"line":6,"column":176},"end":{"line":6,"column":198}},"loc":{"start":{"line":6,"column":204},"end":{"line":6,"column":260}},"line":6},"1":{"name":"UpdateStorylineFollowers","decl":{"start":{"line":19,"column":40},"end":{"line":19,"column":64}},"loc":{"start":{"line":19,"column":71},"end":{"line":48,"column":9}},"line":19},"2":{"name":"(anonymous_2)","decl":{"start":{"line":29,"column":4},"end":{"line":29,"column":5}},"loc":{"start":{"line":29,"column":29},"end":{"line":48,"column":5}},"line":29},"3":{"name":"onPress","decl":{"start":{"line":36,"column":28},"end":{"line":36,"column":35}},"loc":{"start":{"line":36,"column":38},"end":{"line":41,"column":38}},"line":36},"4":{"name":"AddStorylineFollowers","decl":{"start":{"line":52,"column":37},"end":{"line":52,"column":58}},"loc":{"start":{"line":52,"column":66},"end":{"line":78,"column":9}},"line":52},"5":{"name":"(anonymous_5)","decl":{"start":{"line":60,"column":4},"end":{"line":60,"column":5}},"loc":{"start":{"line":60,"column":29},"end":{"line":78,"column":5}},"line":60},"6":{"name":"onPress","decl":{"start":{"line":67,"column":28},"end":{"line":67,"column":35}},"loc":{"start":{"line":67,"column":38},"end":{"line":71,"column":36}},"line":67},"7":{"name":"DeleteStorylineFollower","decl":{"start":{"line":82,"column":39},"end":{"line":82,"column":62}},"loc":{"start":{"line":82,"column":70},"end":{"line":110,"column":9}},"line":82},"8":{"name":"(anonymous_8)","decl":{"start":{"line":90,"column":4},"end":{"line":90,"column":5}},"loc":{"start":{"line":90,"column":29},"end":{"line":110,"column":5}},"line":90},"9":{"name":"onPress","decl":{"start":{"line":99,"column":28},"end":{"line":99,"column":35}},"loc":{"start":{"line":99,"column":38},"end":{"line":103,"column":36}},"line":99},"10":{"name":"AddPollParticipant","decl":{"start":{"line":114,"column":34},"end":{"line":114,"column":52}},"loc":{"start":{"line":114,"column":60},"end":{"line":145,"column":9}},"line":114},"11":{"name":"(anonymous_11)","decl":{"start":{"line":124,"column":4},"end":{"line":124,"column":5}},"loc":{"start":{"line":124,"column":29},"end":{"line":145,"column":5}},"line":124},"12":{"name":"onPress","decl":{"start":{"line":133,"column":28},"end":{"line":133,"column":35}},"loc":{"start":{"line":133,"column":38},"end":{"line":138,"column":52}},"line":133},"13":{"name":"UpdatePollOption","decl":{"start":{"line":149,"column":32},"end":{"line":149,"column":48}},"loc":{"start":{"line":149,"column":56},"end":{"line":180,"column":9}},"line":149},"14":{"name":"(anonymous_14)","decl":{"start":{"line":159,"column":4},"end":{"line":159,"column":5}},"loc":{"start":{"line":159,"column":30},"end":{"line":180,"column":5}},"line":159},"15":{"name":"onPress","decl":{"start":{"line":168,"column":28},"end":{"line":168,"column":35}},"loc":{"start":{"line":168,"column":38},"end":{"line":173,"column":58}},"line":168},"16":{"name":"UpdateTotalVotes","decl":{"start":{"line":184,"column":32},"end":{"line":184,"column":48}},"loc":{"start":{"line":184,"column":57},"end":{"line":212,"column":9}},"line":184},"17":{"name":"(anonymous_17)","decl":{"start":{"line":192,"column":4},"end":{"line":192,"column":5}},"loc":{"start":{"line":192,"column":30},"end":{"line":212,"column":5}},"line":192},"18":{"name":"onPress","decl":{"start":{"line":201,"column":28},"end":{"line":201,"column":35}},"loc":{"start":{"line":201,"column":38},"end":{"line":205,"column":62}},"line":201},"19":{"name":"EntityFollower","decl":{"start":{"line":216,"column":30},"end":{"line":216,"column":44}},"loc":{"start":{"line":216,"column":53},"end":{"line":238,"column":9}},"line":216},"20":{"name":"(anonymous_20)","decl":{"start":{"line":218,"column":4},"end":{"line":218,"column":5}},"loc":{"start":{"line":218,"column":30},"end":{"line":238,"column":5}},"line":218},"21":{"name":"onPress","decl":{"start":{"line":227,"column":28},"end":{"line":227,"column":35}},"loc":{"start":{"line":227,"column":38},"end":{"line":231,"column":46}},"line":227},"22":{"name":"DeleteEntityFollower","decl":{"start":{"line":242,"column":36},"end":{"line":242,"column":56}},"loc":{"start":{"line":242,"column":65},"end":{"line":270,"column":9}},"line":242},"23":{"name":"(anonymous_23)","decl":{"start":{"line":250,"column":4},"end":{"line":250,"column":5}},"loc":{"start":{"line":250,"column":30},"end":{"line":270,"column":5}},"line":250},"24":{"name":"onPress","decl":{"start":{"line":259,"column":28},"end":{"line":259,"column":35}},"loc":{"start":{"line":259,"column":38},"end":{"line":263,"column":46}},"line":259},"25":{"name":"UpdateEntityFollowers","decl":{"start":{"line":274,"column":37},"end":{"line":274,"column":58}},"loc":{"start":{"line":274,"column":67},"end":{"line":302,"column":9}},"line":274},"26":{"name":"(anonymous_26)","decl":{"start":{"line":282,"column":4},"end":{"line":282,"column":5}},"loc":{"start":{"line":282,"column":30},"end":{"line":302,"column":5}},"line":282},"27":{"name":"onPress","decl":{"start":{"line":291,"column":28},"end":{"line":291,"column":35}},"loc":{"start":{"line":291,"column":38},"end":{"line":295,"column":46}},"line":291},"28":{"name":"AddFriend","decl":{"start":{"line":306,"column":25},"end":{"line":306,"column":34}},"loc":{"start":{"line":306,"column":43},"end":{"line":333,"column":9}},"line":306},"29":{"name":"(anonymous_29)","decl":{"start":{"line":308,"column":4},"end":{"line":308,"column":5}},"loc":{"start":{"line":308,"column":30},"end":{"line":333,"column":5}},"line":308},"30":{"name":"onPress","decl":{"start":{"line":322,"column":28},"end":{"line":322,"column":35}},"loc":{"start":{"line":322,"column":38},"end":{"line":326,"column":44}},"line":322},"31":{"name":"UnfriendUser","decl":{"start":{"line":337,"column":28},"end":{"line":337,"column":40}},"loc":{"start":{"line":337,"column":49},"end":{"line":363,"column":9}},"line":337},"32":{"name":"(anonymous_32)","decl":{"start":{"line":339,"column":4},"end":{"line":339,"column":5}},"loc":{"start":{"line":339,"column":30},"end":{"line":363,"column":5}},"line":339},"33":{"name":"onPress","decl":{"start":{"line":352,"column":28},"end":{"line":352,"column":35}},"loc":{"start":{"line":352,"column":38},"end":{"line":356,"column":44}},"line":352}},"branchMap":{"0":{"loc":{"start":{"line":6,"column":212},"end":{"line":6,"column":258}},"type":"cond-expr","locations":[{"start":{"line":6,"column":236},"end":{"line":6,"column":239}},{"start":{"line":6,"column":242},"end":{"line":6,"column":258}}],"line":6},"1":{"loc":{"start":{"line":6,"column":212},"end":{"line":6,"column":233}},"type":"binary-expr","locations":[{"start":{"line":6,"column":212},"end":{"line":6,"column":215}},{"start":{"line":6,"column":219},"end":{"line":6,"column":233}}],"line":6},"2":{"loc":{"start":{"line":30,"column":6},"end":{"line":30,"column":164}},"type":"if","locations":[{"start":{"line":30,"column":6},"end":{"line":30,"column":164}},{"start":{"line":30,"column":6},"end":{"line":30,"column":164}}],"line":30},"3":{"loc":{"start":{"line":31,"column":6},"end":{"line":31,"column":158}},"type":"if","locations":[{"start":{"line":31,"column":6},"end":{"line":31,"column":158}},{"start":{"line":31,"column":6},"end":{"line":31,"column":158}}],"line":31},"4":{"loc":{"start":{"line":32,"column":6},"end":{"line":32,"column":179}},"type":"if","locations":[{"start":{"line":32,"column":6},"end":{"line":32,"column":179}},{"start":{"line":32,"column":6},"end":{"line":32,"column":179}}],"line":32},"5":{"loc":{"start":{"line":61,"column":6},"end":{"line":61,"column":164}},"type":"if","locations":[{"start":{"line":61,"column":6},"end":{"line":61,"column":164}},{"start":{"line":61,"column":6},"end":{"line":61,"column":164}}],"line":61},"6":{"loc":{"start":{"line":62,"column":6},"end":{"line":62,"column":158}},"type":"if","locations":[{"start":{"line":62,"column":6},"end":{"line":62,"column":158}},{"start":{"line":62,"column":6},"end":{"line":62,"column":158}}],"line":62},"7":{"loc":{"start":{"line":63,"column":6},"end":{"line":63,"column":182}},"type":"if","locations":[{"start":{"line":63,"column":6},"end":{"line":63,"column":182}},{"start":{"line":63,"column":6},"end":{"line":63,"column":182}}],"line":63},"8":{"loc":{"start":{"line":91,"column":6},"end":{"line":91,"column":164}},"type":"if","locations":[{"start":{"line":91,"column":6},"end":{"line":91,"column":164}},{"start":{"line":91,"column":6},"end":{"line":91,"column":164}}],"line":91},"9":{"loc":{"start":{"line":92,"column":6},"end":{"line":92,"column":158}},"type":"if","locations":[{"start":{"line":92,"column":6},"end":{"line":92,"column":158}},{"start":{"line":92,"column":6},"end":{"line":92,"column":158}}],"line":92},"10":{"loc":{"start":{"line":93,"column":6},"end":{"line":95,"column":7}},"type":"if","locations":[{"start":{"line":93,"column":6},"end":{"line":95,"column":7}},{"start":{"line":93,"column":6},"end":{"line":95,"column":7}}],"line":93},"11":{"loc":{"start":{"line":125,"column":6},"end":{"line":125,"column":165}},"type":"if","locations":[{"start":{"line":125,"column":6},"end":{"line":125,"column":165}},{"start":{"line":125,"column":6},"end":{"line":125,"column":165}}],"line":125},"12":{"loc":{"start":{"line":126,"column":6},"end":{"line":126,"column":159}},"type":"if","locations":[{"start":{"line":126,"column":6},"end":{"line":126,"column":159}},{"start":{"line":126,"column":6},"end":{"line":126,"column":159}}],"line":126},"13":{"loc":{"start":{"line":127,"column":6},"end":{"line":129,"column":7}},"type":"if","locations":[{"start":{"line":127,"column":6},"end":{"line":129,"column":7}},{"start":{"line":127,"column":6},"end":{"line":129,"column":7}}],"line":127},"14":{"loc":{"start":{"line":160,"column":6},"end":{"line":160,"column":165}},"type":"if","locations":[{"start":{"line":160,"column":6},"end":{"line":160,"column":165}},{"start":{"line":160,"column":6},"end":{"line":160,"column":165}}],"line":160},"15":{"loc":{"start":{"line":161,"column":6},"end":{"line":161,"column":159}},"type":"if","locations":[{"start":{"line":161,"column":6},"end":{"line":161,"column":159}},{"start":{"line":161,"column":6},"end":{"line":161,"column":159}}],"line":161},"16":{"loc":{"start":{"line":162,"column":6},"end":{"line":164,"column":7}},"type":"if","locations":[{"start":{"line":162,"column":6},"end":{"line":164,"column":7}},{"start":{"line":162,"column":6},"end":{"line":164,"column":7}}],"line":162},"17":{"loc":{"start":{"line":193,"column":6},"end":{"line":193,"column":165}},"type":"if","locations":[{"start":{"line":193,"column":6},"end":{"line":193,"column":165}},{"start":{"line":193,"column":6},"end":{"line":193,"column":165}}],"line":193},"18":{"loc":{"start":{"line":194,"column":6},"end":{"line":194,"column":159}},"type":"if","locations":[{"start":{"line":194,"column":6},"end":{"line":194,"column":159}},{"start":{"line":194,"column":6},"end":{"line":194,"column":159}}],"line":194},"19":{"loc":{"start":{"line":195,"column":6},"end":{"line":197,"column":7}},"type":"if","locations":[{"start":{"line":195,"column":6},"end":{"line":197,"column":7}},{"start":{"line":195,"column":6},"end":{"line":197,"column":7}}],"line":195},"20":{"loc":{"start":{"line":219,"column":6},"end":{"line":219,"column":165}},"type":"if","locations":[{"start":{"line":219,"column":6},"end":{"line":219,"column":165}},{"start":{"line":219,"column":6},"end":{"line":219,"column":165}}],"line":219},"21":{"loc":{"start":{"line":220,"column":6},"end":{"line":220,"column":159}},"type":"if","locations":[{"start":{"line":220,"column":6},"end":{"line":220,"column":159}},{"start":{"line":220,"column":6},"end":{"line":220,"column":159}}],"line":220},"22":{"loc":{"start":{"line":221,"column":6},"end":{"line":223,"column":7}},"type":"if","locations":[{"start":{"line":221,"column":6},"end":{"line":223,"column":7}},{"start":{"line":221,"column":6},"end":{"line":223,"column":7}}],"line":221},"23":{"loc":{"start":{"line":251,"column":6},"end":{"line":251,"column":165}},"type":"if","locations":[{"start":{"line":251,"column":6},"end":{"line":251,"column":165}},{"start":{"line":251,"column":6},"end":{"line":251,"column":165}}],"line":251},"24":{"loc":{"start":{"line":252,"column":6},"end":{"line":252,"column":159}},"type":"if","locations":[{"start":{"line":252,"column":6},"end":{"line":252,"column":159}},{"start":{"line":252,"column":6},"end":{"line":252,"column":159}}],"line":252},"25":{"loc":{"start":{"line":253,"column":6},"end":{"line":255,"column":7}},"type":"if","locations":[{"start":{"line":253,"column":6},"end":{"line":255,"column":7}},{"start":{"line":253,"column":6},"end":{"line":255,"column":7}}],"line":253},"26":{"loc":{"start":{"line":283,"column":6},"end":{"line":283,"column":165}},"type":"if","locations":[{"start":{"line":283,"column":6},"end":{"line":283,"column":165}},{"start":{"line":283,"column":6},"end":{"line":283,"column":165}}],"line":283},"27":{"loc":{"start":{"line":284,"column":6},"end":{"line":284,"column":159}},"type":"if","locations":[{"start":{"line":284,"column":6},"end":{"line":284,"column":159}},{"start":{"line":284,"column":6},"end":{"line":284,"column":159}}],"line":284},"28":{"loc":{"start":{"line":285,"column":6},"end":{"line":287,"column":7}},"type":"if","locations":[{"start":{"line":285,"column":6},"end":{"line":287,"column":7}},{"start":{"line":285,"column":6},"end":{"line":287,"column":7}}],"line":285},"29":{"loc":{"start":{"line":309,"column":6},"end":{"line":309,"column":165}},"type":"if","locations":[{"start":{"line":309,"column":6},"end":{"line":309,"column":165}},{"start":{"line":309,"column":6},"end":{"line":309,"column":165}}],"line":309},"30":{"loc":{"start":{"line":310,"column":6},"end":{"line":310,"column":159}},"type":"if","locations":[{"start":{"line":310,"column":6},"end":{"line":310,"column":159}},{"start":{"line":310,"column":6},"end":{"line":310,"column":159}}],"line":310},"31":{"loc":{"start":{"line":311,"column":6},"end":{"line":318,"column":7}},"type":"if","locations":[{"start":{"line":311,"column":6},"end":{"line":318,"column":7}},{"start":{"line":311,"column":6},"end":{"line":318,"column":7}}],"line":311},"32":{"loc":{"start":{"line":340,"column":6},"end":{"line":340,"column":165}},"type":"if","locations":[{"start":{"line":340,"column":6},"end":{"line":340,"column":165}},{"start":{"line":340,"column":6},"end":{"line":340,"column":165}}],"line":340},"33":{"loc":{"start":{"line":341,"column":6},"end":{"line":341,"column":159}},"type":"if","locations":[{"start":{"line":341,"column":6},"end":{"line":341,"column":159}},{"start":{"line":341,"column":6},"end":{"line":341,"column":159}}],"line":341},"34":{"loc":{"start":{"line":342,"column":6},"end":{"line":348,"column":7}},"type":"if","locations":[{"start":{"line":342,"column":6},"end":{"line":348,"column":7}},{"start":{"line":342,"column":6},"end":{"line":348,"column":7}}],"line":342}},"s":{"0":1,"1":1,"2":1,"3":1,"4":1,"5":1,"6":1,"7":1,"8":1,"9":4,"10":4,"11":4,"12":4,"13":10,"14":10,"15":10,"16":10,"17":3,"18":7,"19":1,"20":6,"21":2,"22":4,"23":3,"24":1,"25":1,"26":4,"27":4,"28":4,"29":10,"30":10,"31":10,"32":10,"33":3,"34":7,"35":1,"36":6,"37":2,"38":4,"39":3,"40":1,"41":1,"42":4,"43":4,"44":4,"45":10,"46":10,"47":10,"48":10,"49":3,"50":7,"51":1,"52":6,"53":2,"54":4,"55":3,"56":1,"57":1,"58":4,"59":4,"60":4,"61":4,"62":10,"63":10,"64":10,"65":10,"66":3,"67":7,"68":1,"69":6,"70":2,"71":4,"72":3,"73":1,"74":1,"75":4,"76":4,"77":4,"78":4,"79":10,"80":10,"81":10,"82":10,"83":3,"84":7,"85":1,"86":6,"87":2,"88":4,"89":3,"90":1,"91":1,"92":4,"93":4,"94":4,"95":10,"96":10,"97":10,"98":10,"99":3,"100":7,"101":1,"102":6,"103":2,"104":4,"105":3,"106":1,"107":1,"108":4,"109":4,"110":4,"111":10,"112":10,"113":10,"114":10,"115":3,"116":7,"117":1,"118":6,"119":2,"120":4,"121":3,"122":1,"123":1,"124":4,"125":4,"126":4,"127":10,"128":10,"129":10,"130":10,"131":3,"132":7,"133":1,"134":6,"135":2,"136":4,"137":3,"138":1,"139":1,"140":4,"141":4,"142":4,"143":10,"144":10,"145":10,"146":10,"147":3,"148":7,"149":1,"150":6,"151":2,"152":4,"153":3,"154":1,"155":1,"156":4,"157":4,"158":4,"159":10,"160":10,"161":10,"162":10,"163":3,"164":7,"165":1,"166":6,"167":2,"168":4,"169":3,"170":1,"171":1,"172":4,"173":4,"174":4,"175":10,"176":10,"177":10,"178":10,"179":3,"180":7,"181":1,"182":6,"183":2,"184":4,"185":3,"186":1},"f":{"0":1,"1":4,"2":10,"3":3,"4":4,"5":10,"6":3,"7":4,"8":10,"9":3,"10":4,"11":10,"12":3,"13":4,"14":10,"15":3,"16":4,"17":10,"18":3,"19":4,"20":10,"21":3,"22":4,"23":10,"24":3,"25":4,"26":10,"27":3,"28":4,"29":10,"30":3,"31":4,"32":10,"33":3},"b":{"0":[0,1],"1":[1,1],"2":[3,7],"3":[1,6],"4":[2,4],"5":[3,7],"6":[1,6],"7":[2,4],"8":[3,7],"9":[1,6],"10":[2,4],"11":[3,7],"12":[1,6],"13":[2,4],"14":[3,7],"15":[1,6],"16":[2,4],"17":[3,7],"18":[1,6],"19":[2,4],"20":[3,7],"21":[1,6],"22":[2,4],"23":[3,7],"24":[1,6],"25":[2,4],"26":[3,7],"27":[1,6],"28":[2,4],"29":[3,7],"30":[1,6],"31":[2,4],"32":[3,7],"33":[1,6],"34":[2,4]},"inputSourceMap":null,"_coverageSchema":"1a1c01bbd47fc00a2c39e90264f33305004495a9","hash":"21493e1b887f888cb518c69f5217fe88709032e8"}
,"C:\\Users\\Abhisht\\Downloads\\obi-master\\mobile\\App\\Containers\\StoryLine\\my_queries.js": {"path":"C:\\Users\\Abhisht\\Downloads\\obi-master\\mobile\\App\\Containers\\StoryLine\\my_queries.js","statementMap":{"0":{"start":{"line":1,"column":13},"end":{"line":1,"column":75}},"1":{"start":{"line":1,"column":75},"end":{"line":1,"column":921}},"2":{"start":{"line":1,"column":939},"end":{"line":1,"column":985}},"3":{"start":{"line":1,"column":1024},"end":{"line":1,"column":1078}},"4":{"start":{"line":1,"column":1120},"end":{"line":1,"column":1310}},"5":{"start":{"line":1,"column":1311},"end":{"line":1,"column":1375}},"6":{"start":{"line":1,"column":1361},"end":{"line":1,"column":1373}},"7":{"start":{"line":1,"column":1375},"end":{"line":1,"column":1387}},"8":{"start":{"line":1,"column":1429},"end":{"line":1,"column":1647}},"9":{"start":{"line":1,"column":1648},"end":{"line":1,"column":1712}},"10":{"start":{"line":1,"column":1698},"end":{"line":1,"column":1710}},"11":{"start":{"line":1,"column":1712},"end":{"line":1,"column":1724}},"12":{"start":{"line":1,"column":1766},"end":{"line":1,"column":1941}},"13":{"start":{"line":1,"column":1942},"end":{"line":1,"column":2006}},"14":{"start":{"line":1,"column":1992},"end":{"line":1,"column":2004}},"15":{"start":{"line":1,"column":2006},"end":{"line":1,"column":2018}},"16":{"start":{"line":1,"column":2060},"end":{"line":1,"column":2253}},"17":{"start":{"line":1,"column":2254},"end":{"line":1,"column":2318}},"18":{"start":{"line":1,"column":2304},"end":{"line":1,"column":2316}},"19":{"start":{"line":1,"column":2318},"end":{"line":1,"column":2330}},"20":{"start":{"line":1,"column":2372},"end":{"line":1,"column":2575}},"21":{"start":{"line":1,"column":2576},"end":{"line":1,"column":2640}},"22":{"start":{"line":1,"column":2626},"end":{"line":1,"column":2638}},"23":{"start":{"line":1,"column":2640},"end":{"line":1,"column":2652}},"24":{"start":{"line":1,"column":2694},"end":{"line":1,"column":2908}},"25":{"start":{"line":1,"column":2909},"end":{"line":1,"column":2973}},"26":{"start":{"line":1,"column":2959},"end":{"line":1,"column":2971}},"27":{"start":{"line":1,"column":2973},"end":{"line":1,"column":2985}},"28":{"start":{"line":1,"column":3027},"end":{"line":1,"column":3224}},"29":{"start":{"line":1,"column":3225},"end":{"line":1,"column":3289}},"30":{"start":{"line":1,"column":3275},"end":{"line":1,"column":3287}},"31":{"start":{"line":1,"column":3289},"end":{"line":1,"column":3301}},"32":{"start":{"line":1,"column":3343},"end":{"line":1,"column":3515}},"33":{"start":{"line":1,"column":3516},"end":{"line":1,"column":3580}},"34":{"start":{"line":1,"column":3566},"end":{"line":1,"column":3578}},"35":{"start":{"line":1,"column":3580},"end":{"line":1,"column":3592}},"36":{"start":{"line":1,"column":3634},"end":{"line":1,"column":3849}},"37":{"start":{"line":1,"column":3850},"end":{"line":1,"column":3914}},"38":{"start":{"line":1,"column":3900},"end":{"line":1,"column":3912}},"39":{"start":{"line":1,"column":3914},"end":{"line":1,"column":3926}},"40":{"start":{"line":1,"column":3968},"end":{"line":1,"column":4235}},"41":{"start":{"line":1,"column":4236},"end":{"line":1,"column":4300}},"42":{"start":{"line":1,"column":4286},"end":{"line":1,"column":4298}},"43":{"start":{"line":1,"column":4300},"end":{"line":1,"column":4312}},"44":{"start":{"line":1,"column":4354},"end":{"line":1,"column":4538}},"45":{"start":{"line":1,"column":4539},"end":{"line":1,"column":4603}},"46":{"start":{"line":1,"column":4589},"end":{"line":1,"column":4601}},"47":{"start":{"line":1,"column":4603},"end":{"line":1,"column":4615}},"48":{"start":{"line":1,"column":4657},"end":{"line":1,"column":4834}},"49":{"start":{"line":1,"column":4835},"end":{"line":1,"column":4899}},"50":{"start":{"line":1,"column":4885},"end":{"line":1,"column":4897}},"51":{"start":{"line":1,"column":4899},"end":{"line":1,"column":4911}},"52":{"start":{"line":1,"column":4953},"end":{"line":1,"column":5156}},"53":{"start":{"line":1,"column":5157},"end":{"line":1,"column":5221}},"54":{"start":{"line":1,"column":5207},"end":{"line":1,"column":5219}},"55":{"start":{"line":1,"column":5221},"end":{"line":1,"column":5233}},"56":{"start":{"line":1,"column":5275},"end":{"line":1,"column":5501}},"57":{"start":{"line":1,"column":5502},"end":{"line":1,"column":5566}},"58":{"start":{"line":1,"column":5552},"end":{"line":1,"column":5564}},"59":{"start":{"line":1,"column":5566},"end":{"line":1,"column":5578}},"60":{"start":{"line":1,"column":5620},"end":{"line":1,"column":5800}},"61":{"start":{"line":1,"column":5801},"end":{"line":1,"column":5865}},"62":{"start":{"line":1,"column":5851},"end":{"line":1,"column":5863}},"63":{"start":{"line":1,"column":5865},"end":{"line":1,"column":5877}},"64":{"start":{"line":1,"column":5919},"end":{"line":1,"column":6117}},"65":{"start":{"line":1,"column":6118},"end":{"line":1,"column":6182}},"66":{"start":{"line":1,"column":6168},"end":{"line":1,"column":6180}},"67":{"start":{"line":1,"column":6182},"end":{"line":1,"column":6194}},"68":{"start":{"line":1,"column":6236},"end":{"line":1,"column":6504}},"69":{"start":{"line":1,"column":6505},"end":{"line":1,"column":6569}},"70":{"start":{"line":1,"column":6555},"end":{"line":1,"column":6567}},"71":{"start":{"line":1,"column":6569},"end":{"line":1,"column":6581}},"72":{"start":{"line":1,"column":6623},"end":{"line":1,"column":6844}},"73":{"start":{"line":1,"column":6845},"end":{"line":1,"column":6909}},"74":{"start":{"line":1,"column":6895},"end":{"line":1,"column":6907}},"75":{"start":{"line":1,"column":6909},"end":{"line":1,"column":6921}},"76":{"start":{"line":1,"column":6963},"end":{"line":1,"column":7327}},"77":{"start":{"line":1,"column":7328},"end":{"line":1,"column":7392}},"78":{"start":{"line":1,"column":7378},"end":{"line":1,"column":7390}},"79":{"start":{"line":1,"column":7392},"end":{"line":1,"column":7404}},"80":{"start":{"line":1,"column":7446},"end":{"line":1,"column":7608}},"81":{"start":{"line":1,"column":7609},"end":{"line":1,"column":7673}},"82":{"start":{"line":1,"column":7659},"end":{"line":1,"column":7671}},"83":{"start":{"line":1,"column":7673},"end":{"line":1,"column":7685}},"84":{"start":{"line":1,"column":7727},"end":{"line":1,"column":7907}},"85":{"start":{"line":1,"column":7908},"end":{"line":1,"column":7972}},"86":{"start":{"line":1,"column":7958},"end":{"line":1,"column":7970}},"87":{"start":{"line":1,"column":7972},"end":{"line":1,"column":7984}},"88":{"start":{"line":1,"column":8026},"end":{"line":1,"column":8193}},"89":{"start":{"line":1,"column":8194},"end":{"line":1,"column":8258}},"90":{"start":{"line":1,"column":8244},"end":{"line":1,"column":8256}},"91":{"start":{"line":1,"column":8258},"end":{"line":1,"column":8270}},"92":{"start":{"line":1,"column":8311},"end":{"line":1,"column":8677}},"93":{"start":{"line":1,"column":8678},"end":{"line":1,"column":8740}},"94":{"start":{"line":1,"column":8726},"end":{"line":1,"column":8738}},"95":{"start":{"line":1,"column":8740},"end":{"line":1,"column":8752}},"96":{"start":{"line":1,"column":8793},"end":{"line":1,"column":9083}},"97":{"start":{"line":1,"column":9084},"end":{"line":1,"column":9146}},"98":{"start":{"line":1,"column":9132},"end":{"line":1,"column":9144}},"99":{"start":{"line":1,"column":9146},"end":{"line":1,"column":9158}},"100":{"start":{"line":1,"column":9199},"end":{"line":1,"column":9453}},"101":{"start":{"line":1,"column":9454},"end":{"line":1,"column":9516}},"102":{"start":{"line":1,"column":9502},"end":{"line":1,"column":9514}},"103":{"start":{"line":1,"column":9516},"end":{"line":1,"column":9528}},"104":{"start":{"line":1,"column":9569},"end":{"line":1,"column":9771}},"105":{"start":{"line":1,"column":9772},"end":{"line":1,"column":9834}},"106":{"start":{"line":1,"column":9820},"end":{"line":1,"column":9832}},"107":{"start":{"line":1,"column":9834},"end":{"line":1,"column":9846}},"108":{"start":{"line":1,"column":9887},"end":{"line":1,"column":10079}},"109":{"start":{"line":1,"column":10080},"end":{"line":1,"column":10142}},"110":{"start":{"line":1,"column":10128},"end":{"line":1,"column":10140}},"111":{"start":{"line":1,"column":10142},"end":{"line":1,"column":10154}},"112":{"start":{"line":1,"column":10195},"end":{"line":1,"column":10344}},"113":{"start":{"line":1,"column":10345},"end":{"line":1,"column":10407}},"114":{"start":{"line":1,"column":10393},"end":{"line":1,"column":10405}},"115":{"start":{"line":1,"column":10407},"end":{"line":1,"column":10419}},"116":{"start":{"line":1,"column":10460},"end":{"line":1,"column":10704}},"117":{"start":{"line":1,"column":10705},"end":{"line":1,"column":10767}},"118":{"start":{"line":1,"column":10753},"end":{"line":1,"column":10765}},"119":{"start":{"line":1,"column":10767},"end":{"line":1,"column":10779}},"120":{"start":{"line":1,"column":10820},"end":{"line":1,"column":10999}},"121":{"start":{"line":1,"column":11000},"end":{"line":1,"column":11062}},"122":{"start":{"line":1,"column":11048},"end":{"line":1,"column":11060}},"123":{"start":{"line":1,"column":11062},"end":{"line":1,"column":11074}},"124":{"start":{"line":1,"column":11114},"end":{"line":1,"column":11423}},"125":{"start":{"line":1,"column":11424},"end":{"line":1,"column":11484}},"126":{"start":{"line":1,"column":11470},"end":{"line":1,"column":11482}},"127":{"start":{"line":1,"column":11484},"end":{"line":1,"column":11496}},"128":{"start":{"line":1,"column":11549},"end":{"line":1,"column":11584}},"129":{"start":{"line":1,"column":11560},"end":{"line":1,"column":11583}},"130":{"start":{"line":1,"column":11584},"end":{"line":1,"column":11602}},"131":{"start":{"line":1,"column":11602},"end":{"line":1,"column":11617}},"132":{"start":{"line":3,"column":26},"end":{"line":3,"column":69}},"133":{"start":{"line":3,"column":70},"end":{"line":3,"column":120}},"134":{"start":{"line":17,"column":14},"end":{"line":17,"column":58}},"135":{"start":{"line":17,"column":59},"end":{"line":17,"column":85}},"136":{"start":{"line":26,"column":31},"end":{"line":26,"column":75}},"137":{"start":{"line":26,"column":76},"end":{"line":26,"column":136}},"138":{"start":{"line":33,"column":20},"end":{"line":33,"column":64}},"139":{"start":{"line":33,"column":65},"end":{"line":33,"column":103}},"140":{"start":{"line":42,"column":27},"end":{"line":42,"column":71}},"141":{"start":{"line":42,"column":72},"end":{"line":42,"column":124}},"142":{"start":{"line":50,"column":30},"end":{"line":50,"column":74}},"143":{"start":{"line":50,"column":75},"end":{"line":50,"column":133}},"144":{"start":{"line":71,"column":26},"end":{"line":71,"column":70}},"145":{"start":{"line":71,"column":71},"end":{"line":71,"column":121}},"146":{"start":{"line":78,"column":24},"end":{"line":78,"column":68}},"147":{"start":{"line":78,"column":69},"end":{"line":78,"column":115}},"148":{"start":{"line":85,"column":18},"end":{"line":85,"column":62}},"149":{"start":{"line":85,"column":63},"end":{"line":85,"column":97}},"150":{"start":{"line":103,"column":16},"end":{"line":103,"column":61}},"151":{"start":{"line":103,"column":62},"end":{"line":103,"column":92}},"152":{"start":{"line":111,"column":21},"end":{"line":111,"column":66}},"153":{"start":{"line":111,"column":67},"end":{"line":111,"column":107}},"154":{"start":{"line":119,"column":19},"end":{"line":119,"column":64}},"155":{"start":{"line":119,"column":65},"end":{"line":119,"column":101}},"156":{"start":{"line":129,"column":18},"end":{"line":129,"column":63}},"157":{"start":{"line":129,"column":64},"end":{"line":129,"column":98}},"158":{"start":{"line":136,"column":24},"end":{"line":136,"column":69}},"159":{"start":{"line":136,"column":70},"end":{"line":136,"column":116}},"160":{"start":{"line":144,"column":23},"end":{"line":144,"column":68}},"161":{"start":{"line":144,"column":69},"end":{"line":144,"column":113}},"162":{"start":{"line":165,"column":23},"end":{"line":165,"column":68}},"163":{"start":{"line":165,"column":69},"end":{"line":165,"column":113}},"164":{"start":{"line":203,"column":32},"end":{"line":203,"column":77}},"165":{"start":{"line":203,"column":78},"end":{"line":203,"column":140}},"166":{"start":{"line":213,"column":25},"end":{"line":213,"column":70}},"167":{"start":{"line":213,"column":71},"end":{"line":213,"column":119}},"168":{"start":{"line":226,"column":27},"end":{"line":226,"column":72}},"169":{"start":{"line":226,"column":73},"end":{"line":226,"column":125}},"170":{"start":{"line":269,"column":25},"end":{"line":269,"column":70}},"171":{"start":{"line":269,"column":71},"end":{"line":269,"column":119}},"172":{"start":{"line":277,"column":23},"end":{"line":277,"column":68}},"173":{"start":{"line":277,"column":69},"end":{"line":277,"column":113}},"174":{"start":{"line":346,"column":22},"end":{"line":346,"column":67}},"175":{"start":{"line":346,"column":68},"end":{"line":346,"column":110}},"176":{"start":{"line":360,"column":27},"end":{"line":360,"column":72}},"177":{"start":{"line":360,"column":73},"end":{"line":360,"column":125}},"178":{"start":{"line":371,"column":22},"end":{"line":371,"column":67}},"179":{"start":{"line":371,"column":68},"end":{"line":371,"column":110}},"180":{"start":{"line":380,"column":14},"end":{"line":380,"column":59}},"181":{"start":{"line":380,"column":60},"end":{"line":380,"column":86}},"182":{"start":{"line":391,"column":16},"end":{"line":391,"column":61}},"183":{"start":{"line":391,"column":62},"end":{"line":391,"column":92}},"184":{"start":{"line":399,"column":19},"end":{"line":399,"column":64}},"185":{"start":{"line":399,"column":65},"end":{"line":399,"column":101}},"186":{"start":{"line":407,"column":24},"end":{"line":407,"column":69}},"187":{"start":{"line":407,"column":70},"end":{"line":407,"column":116}},"188":{"start":{"line":414,"column":27},"end":{"line":414,"column":72}},"189":{"start":{"line":414,"column":73},"end":{"line":414,"column":125}},"190":{"start":{"line":419,"column":28},"end":{"line":419,"column":73}},"191":{"start":{"line":419,"column":74},"end":{"line":419,"column":128}},"192":{"start":{"line":427,"column":24},"end":{"line":427,"column":69}},"193":{"start":{"line":427,"column":70},"end":{"line":427,"column":116}}},"fnMap":{"0":{"name":"_interopRequireDefault","decl":{"start":{"line":1,"column":995},"end":{"line":1,"column":1017}},"loc":{"start":{"line":1,"column":1023},"end":{"line":1,"column":1079}},"line":1},"1":{"name":"_templateObject31","decl":{"start":{"line":1,"column":1088},"end":{"line":1,"column":1105}},"loc":{"start":{"line":1,"column":1108},"end":{"line":1,"column":1388}},"line":1},"2":{"name":"_templateObject31","decl":{"start":{"line":1,"column":1340},"end":{"line":1,"column":1357}},"loc":{"start":{"line":1,"column":1360},"end":{"line":1,"column":1374}},"line":1},"3":{"name":"_templateObject30","decl":{"start":{"line":1,"column":1397},"end":{"line":1,"column":1414}},"loc":{"start":{"line":1,"column":1417},"end":{"line":1,"column":1725}},"line":1},"4":{"name":"_templateObject30","decl":{"start":{"line":1,"column":1677},"end":{"line":1,"column":1694}},"loc":{"start":{"line":1,"column":1697},"end":{"line":1,"column":1711}},"line":1},"5":{"name":"_templateObject29","decl":{"start":{"line":1,"column":1734},"end":{"line":1,"column":1751}},"loc":{"start":{"line":1,"column":1754},"end":{"line":1,"column":2019}},"line":1},"6":{"name":"_templateObject29","decl":{"start":{"line":1,"column":1971},"end":{"line":1,"column":1988}},"loc":{"start":{"line":1,"column":1991},"end":{"line":1,"column":2005}},"line":1},"7":{"name":"_templateObject28","decl":{"start":{"line":1,"column":2028},"end":{"line":1,"column":2045}},"loc":{"start":{"line":1,"column":2048},"end":{"line":1,"column":2331}},"line":1},"8":{"name":"_templateObject28","decl":{"start":{"line":1,"column":2283},"end":{"line":1,"column":2300}},"loc":{"start":{"line":1,"column":2303},"end":{"line":1,"column":2317}},"line":1},"9":{"name":"_templateObject27","decl":{"start":{"line":1,"column":2340},"end":{"line":1,"column":2357}},"loc":{"start":{"line":1,"column":2360},"end":{"line":1,"column":2653}},"line":1},"10":{"name":"_templateObject27","decl":{"start":{"line":1,"column":2605},"end":{"line":1,"column":2622}},"loc":{"start":{"line":1,"column":2625},"end":{"line":1,"column":2639}},"line":1},"11":{"name":"_templateObject26","decl":{"start":{"line":1,"column":2662},"end":{"line":1,"column":2679}},"loc":{"start":{"line":1,"column":2682},"end":{"line":1,"column":2986}},"line":1},"12":{"name":"_templateObject26","decl":{"start":{"line":1,"column":2938},"end":{"line":1,"column":2955}},"loc":{"start":{"line":1,"column":2958},"end":{"line":1,"column":2972}},"line":1},"13":{"name":"_templateObject25","decl":{"start":{"line":1,"column":2995},"end":{"line":1,"column":3012}},"loc":{"start":{"line":1,"column":3015},"end":{"line":1,"column":3302}},"line":1},"14":{"name":"_templateObject25","decl":{"start":{"line":1,"column":3254},"end":{"line":1,"column":3271}},"loc":{"start":{"line":1,"column":3274},"end":{"line":1,"column":3288}},"line":1},"15":{"name":"_templateObject24","decl":{"start":{"line":1,"column":3311},"end":{"line":1,"column":3328}},"loc":{"start":{"line":1,"column":3331},"end":{"line":1,"column":3593}},"line":1},"16":{"name":"_templateObject24","decl":{"start":{"line":1,"column":3545},"end":{"line":1,"column":3562}},"loc":{"start":{"line":1,"column":3565},"end":{"line":1,"column":3579}},"line":1},"17":{"name":"_templateObject23","decl":{"start":{"line":1,"column":3602},"end":{"line":1,"column":3619}},"loc":{"start":{"line":1,"column":3622},"end":{"line":1,"column":3927}},"line":1},"18":{"name":"_templateObject23","decl":{"start":{"line":1,"column":3879},"end":{"line":1,"column":3896}},"loc":{"start":{"line":1,"column":3899},"end":{"line":1,"column":3913}},"line":1},"19":{"name":"_templateObject22","decl":{"start":{"line":1,"column":3936},"end":{"line":1,"column":3953}},"loc":{"start":{"line":1,"column":3956},"end":{"line":1,"column":4313}},"line":1},"20":{"name":"_templateObject22","decl":{"start":{"line":1,"column":4265},"end":{"line":1,"column":4282}},"loc":{"start":{"line":1,"column":4285},"end":{"line":1,"column":4299}},"line":1},"21":{"name":"_templateObject21","decl":{"start":{"line":1,"column":4322},"end":{"line":1,"column":4339}},"loc":{"start":{"line":1,"column":4342},"end":{"line":1,"column":4616}},"line":1},"22":{"name":"_templateObject21","decl":{"start":{"line":1,"column":4568},"end":{"line":1,"column":4585}},"loc":{"start":{"line":1,"column":4588},"end":{"line":1,"column":4602}},"line":1},"23":{"name":"_templateObject20","decl":{"start":{"line":1,"column":4625},"end":{"line":1,"column":4642}},"loc":{"start":{"line":1,"column":4645},"end":{"line":1,"column":4912}},"line":1},"24":{"name":"_templateObject20","decl":{"start":{"line":1,"column":4864},"end":{"line":1,"column":4881}},"loc":{"start":{"line":1,"column":4884},"end":{"line":1,"column":4898}},"line":1},"25":{"name":"_templateObject19","decl":{"start":{"line":1,"column":4921},"end":{"line":1,"column":4938}},"loc":{"start":{"line":1,"column":4941},"end":{"line":1,"column":5234}},"line":1},"26":{"name":"_templateObject19","decl":{"start":{"line":1,"column":5186},"end":{"line":1,"column":5203}},"loc":{"start":{"line":1,"column":5206},"end":{"line":1,"column":5220}},"line":1},"27":{"name":"_templateObject18","decl":{"start":{"line":1,"column":5243},"end":{"line":1,"column":5260}},"loc":{"start":{"line":1,"column":5263},"end":{"line":1,"column":5579}},"line":1},"28":{"name":"_templateObject18","decl":{"start":{"line":1,"column":5531},"end":{"line":1,"column":5548}},"loc":{"start":{"line":1,"column":5551},"end":{"line":1,"column":5565}},"line":1},"29":{"name":"_templateObject17","decl":{"start":{"line":1,"column":5588},"end":{"line":1,"column":5605}},"loc":{"start":{"line":1,"column":5608},"end":{"line":1,"column":5878}},"line":1},"30":{"name":"_templateObject17","decl":{"start":{"line":1,"column":5830},"end":{"line":1,"column":5847}},"loc":{"start":{"line":1,"column":5850},"end":{"line":1,"column":5864}},"line":1},"31":{"name":"_templateObject16","decl":{"start":{"line":1,"column":5887},"end":{"line":1,"column":5904}},"loc":{"start":{"line":1,"column":5907},"end":{"line":1,"column":6195}},"line":1},"32":{"name":"_templateObject16","decl":{"start":{"line":1,"column":6147},"end":{"line":1,"column":6164}},"loc":{"start":{"line":1,"column":6167},"end":{"line":1,"column":6181}},"line":1},"33":{"name":"_templateObject15","decl":{"start":{"line":1,"column":6204},"end":{"line":1,"column":6221}},"loc":{"start":{"line":1,"column":6224},"end":{"line":1,"column":6582}},"line":1},"34":{"name":"_templateObject15","decl":{"start":{"line":1,"column":6534},"end":{"line":1,"column":6551}},"loc":{"start":{"line":1,"column":6554},"end":{"line":1,"column":6568}},"line":1},"35":{"name":"_templateObject14","decl":{"start":{"line":1,"column":6591},"end":{"line":1,"column":6608}},"loc":{"start":{"line":1,"column":6611},"end":{"line":1,"column":6922}},"line":1},"36":{"name":"_templateObject14","decl":{"start":{"line":1,"column":6874},"end":{"line":1,"column":6891}},"loc":{"start":{"line":1,"column":6894},"end":{"line":1,"column":6908}},"line":1},"37":{"name":"_templateObject13","decl":{"start":{"line":1,"column":6931},"end":{"line":1,"column":6948}},"loc":{"start":{"line":1,"column":6951},"end":{"line":1,"column":7405}},"line":1},"38":{"name":"_templateObject13","decl":{"start":{"line":1,"column":7357},"end":{"line":1,"column":7374}},"loc":{"start":{"line":1,"column":7377},"end":{"line":1,"column":7391}},"line":1},"39":{"name":"_templateObject12","decl":{"start":{"line":1,"column":7414},"end":{"line":1,"column":7431}},"loc":{"start":{"line":1,"column":7434},"end":{"line":1,"column":7686}},"line":1},"40":{"name":"_templateObject12","decl":{"start":{"line":1,"column":7638},"end":{"line":1,"column":7655}},"loc":{"start":{"line":1,"column":7658},"end":{"line":1,"column":7672}},"line":1},"41":{"name":"_templateObject11","decl":{"start":{"line":1,"column":7695},"end":{"line":1,"column":7712}},"loc":{"start":{"line":1,"column":7715},"end":{"line":1,"column":7985}},"line":1},"42":{"name":"_templateObject11","decl":{"start":{"line":1,"column":7937},"end":{"line":1,"column":7954}},"loc":{"start":{"line":1,"column":7957},"end":{"line":1,"column":7971}},"line":1},"43":{"name":"_templateObject10","decl":{"start":{"line":1,"column":7994},"end":{"line":1,"column":8011}},"loc":{"start":{"line":1,"column":8014},"end":{"line":1,"column":8271}},"line":1},"44":{"name":"_templateObject10","decl":{"start":{"line":1,"column":8223},"end":{"line":1,"column":8240}},"loc":{"start":{"line":1,"column":8243},"end":{"line":1,"column":8257}},"line":1},"45":{"name":"_templateObject9","decl":{"start":{"line":1,"column":8280},"end":{"line":1,"column":8296}},"loc":{"start":{"line":1,"column":8299},"end":{"line":1,"column":8753}},"line":1},"46":{"name":"_templateObject9","decl":{"start":{"line":1,"column":8706},"end":{"line":1,"column":8722}},"loc":{"start":{"line":1,"column":8725},"end":{"line":1,"column":8739}},"line":1},"47":{"name":"_templateObject8","decl":{"start":{"line":1,"column":8762},"end":{"line":1,"column":8778}},"loc":{"start":{"line":1,"column":8781},"end":{"line":1,"column":9159}},"line":1},"48":{"name":"_templateObject8","decl":{"start":{"line":1,"column":9112},"end":{"line":1,"column":9128}},"loc":{"start":{"line":1,"column":9131},"end":{"line":1,"column":9145}},"line":1},"49":{"name":"_templateObject7","decl":{"start":{"line":1,"column":9168},"end":{"line":1,"column":9184}},"loc":{"start":{"line":1,"column":9187},"end":{"line":1,"column":9529}},"line":1},"50":{"name":"_templateObject7","decl":{"start":{"line":1,"column":9482},"end":{"line":1,"column":9498}},"loc":{"start":{"line":1,"column":9501},"end":{"line":1,"column":9515}},"line":1},"51":{"name":"_templateObject6","decl":{"start":{"line":1,"column":9538},"end":{"line":1,"column":9554}},"loc":{"start":{"line":1,"column":9557},"end":{"line":1,"column":9847}},"line":1},"52":{"name":"_templateObject6","decl":{"start":{"line":1,"column":9800},"end":{"line":1,"column":9816}},"loc":{"start":{"line":1,"column":9819},"end":{"line":1,"column":9833}},"line":1},"53":{"name":"_templateObject5","decl":{"start":{"line":1,"column":9856},"end":{"line":1,"column":9872}},"loc":{"start":{"line":1,"column":9875},"end":{"line":1,"column":10155}},"line":1},"54":{"name":"_templateObject5","decl":{"start":{"line":1,"column":10108},"end":{"line":1,"column":10124}},"loc":{"start":{"line":1,"column":10127},"end":{"line":1,"column":10141}},"line":1},"55":{"name":"_templateObject4","decl":{"start":{"line":1,"column":10164},"end":{"line":1,"column":10180}},"loc":{"start":{"line":1,"column":10183},"end":{"line":1,"column":10420}},"line":1},"56":{"name":"_templateObject4","decl":{"start":{"line":1,"column":10373},"end":{"line":1,"column":10389}},"loc":{"start":{"line":1,"column":10392},"end":{"line":1,"column":10406}},"line":1},"57":{"name":"_templateObject3","decl":{"start":{"line":1,"column":10429},"end":{"line":1,"column":10445}},"loc":{"start":{"line":1,"column":10448},"end":{"line":1,"column":10780}},"line":1},"58":{"name":"_templateObject3","decl":{"start":{"line":1,"column":10733},"end":{"line":1,"column":10749}},"loc":{"start":{"line":1,"column":10752},"end":{"line":1,"column":10766}},"line":1},"59":{"name":"_templateObject2","decl":{"start":{"line":1,"column":10789},"end":{"line":1,"column":10805}},"loc":{"start":{"line":1,"column":10808},"end":{"line":1,"column":11075}},"line":1},"60":{"name":"_templateObject2","decl":{"start":{"line":1,"column":11028},"end":{"line":1,"column":11044}},"loc":{"start":{"line":1,"column":11047},"end":{"line":1,"column":11061}},"line":1},"61":{"name":"_templateObject","decl":{"start":{"line":1,"column":11084},"end":{"line":1,"column":11099}},"loc":{"start":{"line":1,"column":11102},"end":{"line":1,"column":11497}},"line":1},"62":{"name":"_templateObject","decl":{"start":{"line":1,"column":11451},"end":{"line":1,"column":11466}},"loc":{"start":{"line":1,"column":11469},"end":{"line":1,"column":11483}},"line":1},"63":{"name":"_taggedTemplateLiteralLoose","decl":{"start":{"line":1,"column":11506},"end":{"line":1,"column":11533}},"loc":{"start":{"line":1,"column":11548},"end":{"line":1,"column":11618}},"line":1}},"branchMap":{"0":{"loc":{"start":{"line":1,"column":1031},"end":{"line":1,"column":1077}},"type":"cond-expr","locations":[{"start":{"line":1,"column":1055},"end":{"line":1,"column":1058}},{"start":{"line":1,"column":1061},"end":{"line":1,"column":1077}}],"line":1},"1":{"loc":{"start":{"line":1,"column":1031},"end":{"line":1,"column":1052}},"type":"binary-expr","locations":[{"start":{"line":1,"column":1031},"end":{"line":1,"column":1034}},{"start":{"line":1,"column":1038},"end":{"line":1,"column":1052}}],"line":1},"2":{"loc":{"start":{"line":1,"column":11549},"end":{"line":1,"column":11584}},"type":"if","locations":[{"start":{"line":1,"column":11549},"end":{"line":1,"column":11584}},{"start":{"line":1,"column":11549},"end":{"line":1,"column":11584}}],"line":1}},"s":{"0":1,"1":1,"2":1,"3":1,"4":1,"5":1,"6":0,"7":1,"8":1,"9":1,"10":0,"11":1,"12":1,"13":1,"14":0,"15":1,"16":1,"17":1,"18":0,"19":1,"20":1,"21":1,"22":0,"23":1,"24":1,"25":1,"26":0,"27":1,"28":1,"29":1,"30":0,"31":1,"32":1,"33":1,"34":0,"35":1,"36":1,"37":1,"38":0,"39":1,"40":1,"41":1,"42":0,"43":1,"44":1,"45":1,"46":0,"47":1,"48":1,"49":1,"50":0,"51":1,"52":1,"53":1,"54":0,"55":1,"56":1,"57":1,"58":0,"59":1,"60":1,"61":1,"62":0,"63":1,"64":1,"65":1,"66":0,"67":1,"68":1,"69":1,"70":0,"71":1,"72":1,"73":1,"74":0,"75":1,"76":1,"77":1,"78":0,"79":1,"80":1,"81":1,"82":0,"83":1,"84":1,"85":1,"86":0,"87":1,"88":1,"89":1,"90":0,"91":1,"92":1,"93":1,"94":0,"95":1,"96":1,"97":1,"98":0,"99":1,"100":1,"101":1,"102":0,"103":1,"104":1,"105":1,"106":0,"107":1,"108":1,"109":1,"110":0,"111":1,"112":1,"113":1,"114":0,"115":1,"116":1,"117":1,"118":0,"119":1,"120":1,"121":1,"122":0,"123":1,"124":1,"125":1,"126":0,"127":1,"128":31,"129":31,"130":31,"131":31,"132":1,"133":1,"134":1,"135":1,"136":1,"137":1,"138":1,"139":1,"140":1,"141":1,"142":1,"143":1,"144":1,"145":1,"146":1,"147":1,"148":1,"149":1,"150":1,"151":1,"152":1,"153":1,"154":1,"155":1,"156":1,"157":1,"158":1,"159":1,"160":1,"161":1,"162":1,"163":1,"164":1,"165":1,"166":1,"167":1,"168":1,"169":1,"170":1,"171":1,"172":1,"173":1,"174":1,"175":1,"176":1,"177":1,"178":1,"179":1,"180":1,"181":1,"182":1,"183":1,"184":1,"185":1,"186":1,"187":1,"188":1,"189":1,"190":1,"191":1,"192":1,"193":1},"f":{"0":1,"1":1,"2":0,"3":1,"4":0,"5":1,"6":0,"7":1,"8":0,"9":1,"10":0,"11":1,"12":0,"13":1,"14":0,"15":1,"16":0,"17":1,"18":0,"19":1,"20":0,"21":1,"22":0,"23":1,"24":0,"25":1,"26":0,"27":1,"28":0,"29":1,"30":0,"31":1,"32":0,"33":1,"34":0,"35":1,"36":0,"37":1,"38":0,"39":1,"40":0,"41":1,"42":0,"43":1,"44":0,"45":1,"46":0,"47":1,"48":0,"49":1,"50":0,"51":1,"52":0,"53":1,"54":0,"55":1,"56":0,"57":1,"58":0,"59":1,"60":0,"61":1,"62":0,"63":31},"b":{"0":[0,1],"1":[1,1],"2":[31,0]},"inputSourceMap":null,"_coverageSchema":"1a1c01bbd47fc00a2c39e90264f33305004495a9","hash":"88c29ddc16ebe720d4cea3bdc70ca6b73e15ef20"}
}
