{"C:\\Users\\Abhisht\\Downloads\\obi-master\\mobile\\App\\Containers\\StoryLine\\NFQueryCompo.js": {"path":"C:\\Users\\Abhisht\\Downloads\\obi-master\\mobile\\App\\Containers\\StoryLine\\NFQueryCompo.js","statementMap":{"0":{"start":{"line":1,"column":13},"end":{"line":1,"column":75}},"1":{"start":{"line":1,"column":75},"end":{"line":1,"column":136}},"2":{"start":{"line":2,"column":13},"end":{"line":2,"column":53}},"3":{"start":{"line":3,"column":19},"end":{"line":3,"column":42}},"4":{"start":{"line":4,"column":19},"end":{"line":4,"column":42}},"5":{"start":{"line":5,"column":18},"end":{"line":5,"column":41}},"6":{"start":{"line":5,"column":61},"end":{"line":5,"column":157}},"7":{"start":{"line":5,"column":196},"end":{"line":5,"column":250}},"8":{"start":{"line":10,"column":18},"end":{"line":21,"column":9}},"9":{"start":{"line":10,"column":60},"end":{"line":10,"column":72}},"10":{"start":{"line":10,"column":73},"end":{"line":21,"column":8}},"11":{"start":{"line":12,"column":36},"end":{"line":12,"column":49}},"12":{"start":{"line":12,"column":58},"end":{"line":12,"column":69}},"13":{"start":{"line":12,"column":77},"end":{"line":12,"column":87}},"14":{"start":{"line":13,"column":6},"end":{"line":13,"column":164}},"15":{"start":{"line":13,"column":19},"end":{"line":13,"column":164}},"16":{"start":{"line":14,"column":6},"end":{"line":14,"column":158}},"17":{"start":{"line":14,"column":17},"end":{"line":14,"column":158}},"18":{"start":{"line":15,"column":6},"end":{"line":18,"column":49}},"19":{"start":{"line":21,"column":10},"end":{"line":21,"column":44}},"20":{"start":{"line":24,"column":28},"end":{"line":41,"column":9}},"21":{"start":{"line":24,"column":86},"end":{"line":24,"column":104}},"22":{"start":{"line":24,"column":105},"end":{"line":41,"column":8}},"23":{"start":{"line":26,"column":36},"end":{"line":26,"column":49}},"24":{"start":{"line":26,"column":58},"end":{"line":26,"column":69}},"25":{"start":{"line":26,"column":77},"end":{"line":26,"column":87}},"26":{"start":{"line":27,"column":6},"end":{"line":27,"column":164}},"27":{"start":{"line":27,"column":19},"end":{"line":27,"column":164}},"28":{"start":{"line":28,"column":6},"end":{"line":28,"column":158}},"29":{"start":{"line":28,"column":17},"end":{"line":28,"column":158}},"30":{"start":{"line":29,"column":6},"end":{"line":38,"column":41}},"31":{"start":{"line":41,"column":10},"end":{"line":41,"column":64}}},"fnMap":{"0":{"name":"_interopRequireDefault","decl":{"start":{"line":5,"column":167},"end":{"line":5,"column":189}},"loc":{"start":{"line":5,"column":195},"end":{"line":5,"column":251}},"line":5},"1":{"name":"UserDetails","decl":{"start":{"line":10,"column":27},"end":{"line":10,"column":38}},"loc":{"start":{"line":10,"column":45},"end":{"line":21,"column":9}},"line":10},"2":{"name":"(anonymous_2)","decl":{"start":{"line":12,"column":4},"end":{"line":12,"column":5}},"loc":{"start":{"line":12,"column":21},"end":{"line":21,"column":5}},"line":12},"3":{"name":"GET_STORYLINE_DETAILS","decl":{"start":{"line":24,"column":37},"end":{"line":24,"column":58}},"loc":{"start":{"line":24,"column":66},"end":{"line":41,"column":9}},"line":24},"4":{"name":"(anonymous_4)","decl":{"start":{"line":26,"column":4},"end":{"line":26,"column":5}},"loc":{"start":{"line":26,"column":21},"end":{"line":41,"column":5}},"line":26}},"branchMap":{"0":{"loc":{"start":{"line":5,"column":203},"end":{"line":5,"column":249}},"type":"cond-expr","locations":[{"start":{"line":5,"column":227},"end":{"line":5,"column":230}},{"start":{"line":5,"column":233},"end":{"line":5,"column":249}}],"line":5},"1":{"loc":{"start":{"line":5,"column":203},"end":{"line":5,"column":224}},"type":"binary-expr","locations":[{"start":{"line":5,"column":203},"end":{"line":5,"column":206}},{"start":{"line":5,"column":210},"end":{"line":5,"column":224}}],"line":5},"2":{"loc":{"start":{"line":13,"column":6},"end":{"line":13,"column":164}},"type":"if","locations":[{"start":{"line":13,"column":6},"end":{"line":13,"column":164}},{"start":{"line":13,"column":6},"end":{"line":13,"column":164}}],"line":13},"3":{"loc":{"start":{"line":14,"column":6},"end":{"line":14,"column":158}},"type":"if","locations":[{"start":{"line":14,"column":6},"end":{"line":14,"column":158}},{"start":{"line":14,"column":6},"end":{"line":14,"column":158}}],"line":14},"4":{"loc":{"start":{"line":27,"column":6},"end":{"line":27,"column":164}},"type":"if","locations":[{"start":{"line":27,"column":6},"end":{"line":27,"column":164}},{"start":{"line":27,"column":6},"end":{"line":27,"column":164}}],"line":27},"5":{"loc":{"start":{"line":28,"column":6},"end":{"line":28,"column":158}},"type":"if","locations":[{"start":{"line":28,"column":6},"end":{"line":28,"column":158}},{"start":{"line":28,"column":6},"end":{"line":28,"column":158}}],"line":28},"6":{"loc":{"start":{"line":33,"column":8},"end":{"line":33,"column":52}},"type":"cond-expr","locations":[{"start":{"line":33,"column":36},"end":{"line":33,"column":42}},{"start":{"line":33,"column":45},"end":{"line":33,"column":52}}],"line":33},"7":{"loc":{"start":{"line":34,"column":8},"end":{"line":34,"column":54}},"type":"cond-expr","locations":[{"start":{"line":34,"column":38},"end":{"line":34,"column":44}},{"start":{"line":34,"column":47},"end":{"line":34,"column":54}}],"line":34},"8":{"loc":{"start":{"line":35,"column":8},"end":{"line":35,"column":56}},"type":"cond-expr","locations":[{"start":{"line":35,"column":40},"end":{"line":35,"column":46}},{"start":{"line":35,"column":49},"end":{"line":35,"column":56}}],"line":35},"9":{"loc":{"start":{"line":36,"column":8},"end":{"line":36,"column":60}},"type":"cond-expr","locations":[{"start":{"line":36,"column":44},"end":{"line":36,"column":50}},{"start":{"line":36,"column":53},"end":{"line":36,"column":60}}],"line":36}},"s":{"0":1,"1":1,"2":1,"3":1,"4":1,"5":1,"6":1,"7":1,"8":1,"9":4,"10":4,"11":8,"12":8,"13":8,"14":8,"15":4,"16":4,"17":2,"18":2,"19":1,"20":1,"21":4,"22":4,"23":8,"24":8,"25":8,"26":8,"27":4,"28":4,"29":2,"30":2,"31":1},"f":{"0":1,"1":4,"2":8,"3":4,"4":8},"b":{"0":[0,1],"1":[1,1],"2":[4,4],"3":[2,2],"4":[4,4],"5":[2,2],"6":[0,2],"7":[0,2],"8":[0,2],"9":[2,0]},"inputSourceMap":null,"_coverageSchema":"1a1c01bbd47fc00a2c39e90264f33305004495a9","hash":"b324257b108cd53b68a4790050e31658a9f39cfe"}
,"C:\\Users\\Abhisht\\Downloads\\obi-master\\mobile\\App\\Containers\\StoryLine\\my_queries.js": {"path":"C:\\Users\\Abhisht\\Downloads\\obi-master\\mobile\\App\\Containers\\StoryLine\\my_queries.js","statementMap":{"0":{"start":{"line":1,"column":13},"end":{"line":1,"column":75}},"1":{"start":{"line":1,"column":75},"end":{"line":1,"column":996}},"2":{"start":{"line":1,"column":1014},"end":{"line":1,"column":1060}},"3":{"start":{"line":1,"column":1099},"end":{"line":1,"column":1153}},"4":{"start":{"line":1,"column":1195},"end":{"line":1,"column":1385}},"5":{"start":{"line":1,"column":1386},"end":{"line":1,"column":1450}},"6":{"start":{"line":1,"column":1436},"end":{"line":1,"column":1448}},"7":{"start":{"line":1,"column":1450},"end":{"line":1,"column":1462}},"8":{"start":{"line":1,"column":1504},"end":{"line":1,"column":1722}},"9":{"start":{"line":1,"column":1723},"end":{"line":1,"column":1787}},"10":{"start":{"line":1,"column":1773},"end":{"line":1,"column":1785}},"11":{"start":{"line":1,"column":1787},"end":{"line":1,"column":1799}},"12":{"start":{"line":1,"column":1841},"end":{"line":1,"column":2016}},"13":{"start":{"line":1,"column":2017},"end":{"line":1,"column":2081}},"14":{"start":{"line":1,"column":2067},"end":{"line":1,"column":2079}},"15":{"start":{"line":1,"column":2081},"end":{"line":1,"column":2093}},"16":{"start":{"line":1,"column":2135},"end":{"line":1,"column":2328}},"17":{"start":{"line":1,"column":2329},"end":{"line":1,"column":2393}},"18":{"start":{"line":1,"column":2379},"end":{"line":1,"column":2391}},"19":{"start":{"line":1,"column":2393},"end":{"line":1,"column":2405}},"20":{"start":{"line":1,"column":2447},"end":{"line":1,"column":2650}},"21":{"start":{"line":1,"column":2651},"end":{"line":1,"column":2715}},"22":{"start":{"line":1,"column":2701},"end":{"line":1,"column":2713}},"23":{"start":{"line":1,"column":2715},"end":{"line":1,"column":2727}},"24":{"start":{"line":1,"column":2769},"end":{"line":1,"column":2983}},"25":{"start":{"line":1,"column":2984},"end":{"line":1,"column":3048}},"26":{"start":{"line":1,"column":3034},"end":{"line":1,"column":3046}},"27":{"start":{"line":1,"column":3048},"end":{"line":1,"column":3060}},"28":{"start":{"line":1,"column":3102},"end":{"line":1,"column":3299}},"29":{"start":{"line":1,"column":3300},"end":{"line":1,"column":3364}},"30":{"start":{"line":1,"column":3350},"end":{"line":1,"column":3362}},"31":{"start":{"line":1,"column":3364},"end":{"line":1,"column":3376}},"32":{"start":{"line":1,"column":3418},"end":{"line":1,"column":3590}},"33":{"start":{"line":1,"column":3591},"end":{"line":1,"column":3655}},"34":{"start":{"line":1,"column":3641},"end":{"line":1,"column":3653}},"35":{"start":{"line":1,"column":3655},"end":{"line":1,"column":3667}},"36":{"start":{"line":1,"column":3709},"end":{"line":1,"column":3924}},"37":{"start":{"line":1,"column":3925},"end":{"line":1,"column":3989}},"38":{"start":{"line":1,"column":3975},"end":{"line":1,"column":3987}},"39":{"start":{"line":1,"column":3989},"end":{"line":1,"column":4001}},"40":{"start":{"line":1,"column":4043},"end":{"line":1,"column":4310}},"41":{"start":{"line":1,"column":4311},"end":{"line":1,"column":4375}},"42":{"start":{"line":1,"column":4361},"end":{"line":1,"column":4373}},"43":{"start":{"line":1,"column":4375},"end":{"line":1,"column":4387}},"44":{"start":{"line":1,"column":4429},"end":{"line":1,"column":4644}},"45":{"start":{"line":1,"column":4645},"end":{"line":1,"column":4709}},"46":{"start":{"line":1,"column":4695},"end":{"line":1,"column":4707}},"47":{"start":{"line":1,"column":4709},"end":{"line":1,"column":4721}},"48":{"start":{"line":1,"column":4763},"end":{"line":1,"column":4998}},"49":{"start":{"line":1,"column":4999},"end":{"line":1,"column":5063}},"50":{"start":{"line":1,"column":5049},"end":{"line":1,"column":5061}},"51":{"start":{"line":1,"column":5063},"end":{"line":1,"column":5075}},"52":{"start":{"line":1,"column":5117},"end":{"line":1,"column":5305}},"53":{"start":{"line":1,"column":5306},"end":{"line":1,"column":5370}},"54":{"start":{"line":1,"column":5356},"end":{"line":1,"column":5368}},"55":{"start":{"line":1,"column":5370},"end":{"line":1,"column":5382}},"56":{"start":{"line":1,"column":5424},"end":{"line":1,"column":5608}},"57":{"start":{"line":1,"column":5609},"end":{"line":1,"column":5673}},"58":{"start":{"line":1,"column":5659},"end":{"line":1,"column":5671}},"59":{"start":{"line":1,"column":5673},"end":{"line":1,"column":5685}},"60":{"start":{"line":1,"column":5727},"end":{"line":1,"column":5904}},"61":{"start":{"line":1,"column":5905},"end":{"line":1,"column":5969}},"62":{"start":{"line":1,"column":5955},"end":{"line":1,"column":5967}},"63":{"start":{"line":1,"column":5969},"end":{"line":1,"column":5981}},"64":{"start":{"line":1,"column":6023},"end":{"line":1,"column":6226}},"65":{"start":{"line":1,"column":6227},"end":{"line":1,"column":6291}},"66":{"start":{"line":1,"column":6277},"end":{"line":1,"column":6289}},"67":{"start":{"line":1,"column":6291},"end":{"line":1,"column":6303}},"68":{"start":{"line":1,"column":6345},"end":{"line":1,"column":6571}},"69":{"start":{"line":1,"column":6572},"end":{"line":1,"column":6636}},"70":{"start":{"line":1,"column":6622},"end":{"line":1,"column":6634}},"71":{"start":{"line":1,"column":6636},"end":{"line":1,"column":6648}},"72":{"start":{"line":1,"column":6690},"end":{"line":1,"column":6870}},"73":{"start":{"line":1,"column":6871},"end":{"line":1,"column":6935}},"74":{"start":{"line":1,"column":6921},"end":{"line":1,"column":6933}},"75":{"start":{"line":1,"column":6935},"end":{"line":1,"column":6947}},"76":{"start":{"line":1,"column":6989},"end":{"line":1,"column":7168}},"77":{"start":{"line":1,"column":7169},"end":{"line":1,"column":7233}},"78":{"start":{"line":1,"column":7219},"end":{"line":1,"column":7231}},"79":{"start":{"line":1,"column":7233},"end":{"line":1,"column":7245}},"80":{"start":{"line":1,"column":7287},"end":{"line":1,"column":7485}},"81":{"start":{"line":1,"column":7486},"end":{"line":1,"column":7550}},"82":{"start":{"line":1,"column":7536},"end":{"line":1,"column":7548}},"83":{"start":{"line":1,"column":7550},"end":{"line":1,"column":7562}},"84":{"start":{"line":1,"column":7604},"end":{"line":1,"column":7872}},"85":{"start":{"line":1,"column":7873},"end":{"line":1,"column":7937}},"86":{"start":{"line":1,"column":7923},"end":{"line":1,"column":7935}},"87":{"start":{"line":1,"column":7937},"end":{"line":1,"column":7949}},"88":{"start":{"line":1,"column":7991},"end":{"line":1,"column":8212}},"89":{"start":{"line":1,"column":8213},"end":{"line":1,"column":8277}},"90":{"start":{"line":1,"column":8263},"end":{"line":1,"column":8275}},"91":{"start":{"line":1,"column":8277},"end":{"line":1,"column":8289}},"92":{"start":{"line":1,"column":8331},"end":{"line":1,"column":8695}},"93":{"start":{"line":1,"column":8696},"end":{"line":1,"column":8760}},"94":{"start":{"line":1,"column":8746},"end":{"line":1,"column":8758}},"95":{"start":{"line":1,"column":8760},"end":{"line":1,"column":8772}},"96":{"start":{"line":1,"column":8814},"end":{"line":1,"column":8976}},"97":{"start":{"line":1,"column":8977},"end":{"line":1,"column":9041}},"98":{"start":{"line":1,"column":9027},"end":{"line":1,"column":9039}},"99":{"start":{"line":1,"column":9041},"end":{"line":1,"column":9053}},"100":{"start":{"line":1,"column":9095},"end":{"line":1,"column":9275}},"101":{"start":{"line":1,"column":9276},"end":{"line":1,"column":9340}},"102":{"start":{"line":1,"column":9326},"end":{"line":1,"column":9338}},"103":{"start":{"line":1,"column":9340},"end":{"line":1,"column":9352}},"104":{"start":{"line":1,"column":9393},"end":{"line":1,"column":9560}},"105":{"start":{"line":1,"column":9561},"end":{"line":1,"column":9623}},"106":{"start":{"line":1,"column":9609},"end":{"line":1,"column":9621}},"107":{"start":{"line":1,"column":9623},"end":{"line":1,"column":9635}},"108":{"start":{"line":1,"column":9676},"end":{"line":1,"column":10042}},"109":{"start":{"line":1,"column":10043},"end":{"line":1,"column":10105}},"110":{"start":{"line":1,"column":10091},"end":{"line":1,"column":10103}},"111":{"start":{"line":1,"column":10105},"end":{"line":1,"column":10117}},"112":{"start":{"line":1,"column":10158},"end":{"line":1,"column":10448}},"113":{"start":{"line":1,"column":10449},"end":{"line":1,"column":10511}},"114":{"start":{"line":1,"column":10497},"end":{"line":1,"column":10509}},"115":{"start":{"line":1,"column":10511},"end":{"line":1,"column":10523}},"116":{"start":{"line":1,"column":10564},"end":{"line":1,"column":10818}},"117":{"start":{"line":1,"column":10819},"end":{"line":1,"column":10881}},"118":{"start":{"line":1,"column":10867},"end":{"line":1,"column":10879}},"119":{"start":{"line":1,"column":10881},"end":{"line":1,"column":10893}},"120":{"start":{"line":1,"column":10934},"end":{"line":1,"column":11136}},"121":{"start":{"line":1,"column":11137},"end":{"line":1,"column":11199}},"122":{"start":{"line":1,"column":11185},"end":{"line":1,"column":11197}},"123":{"start":{"line":1,"column":11199},"end":{"line":1,"column":11211}},"124":{"start":{"line":1,"column":11252},"end":{"line":1,"column":11444}},"125":{"start":{"line":1,"column":11445},"end":{"line":1,"column":11507}},"126":{"start":{"line":1,"column":11493},"end":{"line":1,"column":11505}},"127":{"start":{"line":1,"column":11507},"end":{"line":1,"column":11519}},"128":{"start":{"line":1,"column":11560},"end":{"line":1,"column":11709}},"129":{"start":{"line":1,"column":11710},"end":{"line":1,"column":11772}},"130":{"start":{"line":1,"column":11758},"end":{"line":1,"column":11770}},"131":{"start":{"line":1,"column":11772},"end":{"line":1,"column":11784}},"132":{"start":{"line":1,"column":11825},"end":{"line":1,"column":12069}},"133":{"start":{"line":1,"column":12070},"end":{"line":1,"column":12132}},"134":{"start":{"line":1,"column":12118},"end":{"line":1,"column":12130}},"135":{"start":{"line":1,"column":12132},"end":{"line":1,"column":12144}},"136":{"start":{"line":1,"column":12184},"end":{"line":1,"column":12493}},"137":{"start":{"line":1,"column":12494},"end":{"line":1,"column":12554}},"138":{"start":{"line":1,"column":12540},"end":{"line":1,"column":12552}},"139":{"start":{"line":1,"column":12554},"end":{"line":1,"column":12566}},"140":{"start":{"line":1,"column":12619},"end":{"line":1,"column":12654}},"141":{"start":{"line":1,"column":12630},"end":{"line":1,"column":12653}},"142":{"start":{"line":1,"column":12654},"end":{"line":1,"column":12672}},"143":{"start":{"line":1,"column":12672},"end":{"line":1,"column":12687}},"144":{"start":{"line":3,"column":26},"end":{"line":3,"column":69}},"145":{"start":{"line":3,"column":70},"end":{"line":3,"column":120}},"146":{"start":{"line":18,"column":31},"end":{"line":18,"column":75}},"147":{"start":{"line":18,"column":76},"end":{"line":18,"column":136}},"148":{"start":{"line":25,"column":20},"end":{"line":25,"column":64}},"149":{"start":{"line":25,"column":65},"end":{"line":25,"column":103}},"150":{"start":{"line":34,"column":27},"end":{"line":34,"column":71}},"151":{"start":{"line":34,"column":72},"end":{"line":34,"column":124}},"152":{"start":{"line":42,"column":30},"end":{"line":42,"column":74}},"153":{"start":{"line":42,"column":75},"end":{"line":42,"column":133}},"154":{"start":{"line":63,"column":26},"end":{"line":63,"column":70}},"155":{"start":{"line":63,"column":71},"end":{"line":63,"column":121}},"156":{"start":{"line":70,"column":24},"end":{"line":70,"column":68}},"157":{"start":{"line":70,"column":69},"end":{"line":70,"column":115}},"158":{"start":{"line":77,"column":18},"end":{"line":77,"column":62}},"159":{"start":{"line":77,"column":63},"end":{"line":77,"column":97}},"160":{"start":{"line":95,"column":16},"end":{"line":95,"column":60}},"161":{"start":{"line":95,"column":61},"end":{"line":95,"column":91}},"162":{"start":{"line":103,"column":21},"end":{"line":103,"column":66}},"163":{"start":{"line":103,"column":67},"end":{"line":103,"column":107}},"164":{"start":{"line":111,"column":19},"end":{"line":111,"column":64}},"165":{"start":{"line":111,"column":65},"end":{"line":111,"column":101}},"166":{"start":{"line":119,"column":18},"end":{"line":119,"column":63}},"167":{"start":{"line":119,"column":64},"end":{"line":119,"column":98}},"168":{"start":{"line":126,"column":24},"end":{"line":126,"column":69}},"169":{"start":{"line":126,"column":70},"end":{"line":126,"column":116}},"170":{"start":{"line":134,"column":23},"end":{"line":134,"column":68}},"171":{"start":{"line":134,"column":69},"end":{"line":134,"column":113}},"172":{"start":{"line":155,"column":23},"end":{"line":155,"column":68}},"173":{"start":{"line":155,"column":69},"end":{"line":155,"column":113}},"174":{"start":{"line":163,"column":14},"end":{"line":163,"column":59}},"175":{"start":{"line":163,"column":60},"end":{"line":163,"column":86}},"176":{"start":{"line":200,"column":32},"end":{"line":200,"column":77}},"177":{"start":{"line":200,"column":78},"end":{"line":200,"column":140}},"178":{"start":{"line":210,"column":25},"end":{"line":210,"column":70}},"179":{"start":{"line":210,"column":71},"end":{"line":210,"column":119}},"180":{"start":{"line":231,"column":27},"end":{"line":231,"column":72}},"181":{"start":{"line":231,"column":73},"end":{"line":231,"column":125}},"182":{"start":{"line":274,"column":25},"end":{"line":274,"column":70}},"183":{"start":{"line":274,"column":71},"end":{"line":274,"column":119}},"184":{"start":{"line":282,"column":23},"end":{"line":282,"column":68}},"185":{"start":{"line":282,"column":69},"end":{"line":282,"column":113}},"186":{"start":{"line":302,"column":22},"end":{"line":302,"column":67}},"187":{"start":{"line":302,"column":68},"end":{"line":302,"column":110}},"188":{"start":{"line":310,"column":21},"end":{"line":310,"column":66}},"189":{"start":{"line":310,"column":67},"end":{"line":310,"column":107}},"190":{"start":{"line":323,"column":20},"end":{"line":323,"column":65}},"191":{"start":{"line":323,"column":66},"end":{"line":323,"column":104}},"192":{"start":{"line":351,"column":22},"end":{"line":351,"column":67}},"193":{"start":{"line":351,"column":68},"end":{"line":351,"column":110}},"194":{"start":{"line":365,"column":27},"end":{"line":365,"column":72}},"195":{"start":{"line":365,"column":73},"end":{"line":365,"column":125}},"196":{"start":{"line":376,"column":22},"end":{"line":376,"column":67}},"197":{"start":{"line":376,"column":68},"end":{"line":376,"column":110}},"198":{"start":{"line":385,"column":14},"end":{"line":385,"column":59}},"199":{"start":{"line":385,"column":60},"end":{"line":385,"column":86}},"200":{"start":{"line":396,"column":16},"end":{"line":396,"column":61}},"201":{"start":{"line":396,"column":62},"end":{"line":396,"column":92}},"202":{"start":{"line":404,"column":19},"end":{"line":404,"column":64}},"203":{"start":{"line":404,"column":65},"end":{"line":404,"column":101}},"204":{"start":{"line":412,"column":24},"end":{"line":412,"column":69}},"205":{"start":{"line":412,"column":70},"end":{"line":412,"column":116}},"206":{"start":{"line":419,"column":27},"end":{"line":419,"column":72}},"207":{"start":{"line":419,"column":73},"end":{"line":419,"column":125}},"208":{"start":{"line":424,"column":28},"end":{"line":424,"column":73}},"209":{"start":{"line":424,"column":74},"end":{"line":424,"column":128}},"210":{"start":{"line":432,"column":24},"end":{"line":432,"column":69}},"211":{"start":{"line":432,"column":70},"end":{"line":432,"column":116}}},"fnMap":{"0":{"name":"_interopRequireDefault","decl":{"start":{"line":1,"column":1070},"end":{"line":1,"column":1092}},"loc":{"start":{"line":1,"column":1098},"end":{"line":1,"column":1154}},"line":1},"1":{"name":"_templateObject34","decl":{"start":{"line":1,"column":1163},"end":{"line":1,"column":1180}},"loc":{"start":{"line":1,"column":1183},"end":{"line":1,"column":1463}},"line":1},"2":{"name":"_templateObject34","decl":{"start":{"line":1,"column":1415},"end":{"line":1,"column":1432}},"loc":{"start":{"line":1,"column":1435},"end":{"line":1,"column":1449}},"line":1},"3":{"name":"_templateObject33","decl":{"start":{"line":1,"column":1472},"end":{"line":1,"column":1489}},"loc":{"start":{"line":1,"column":1492},"end":{"line":1,"column":1800}},"line":1},"4":{"name":"_templateObject33","decl":{"start":{"line":1,"column":1752},"end":{"line":1,"column":1769}},"loc":{"start":{"line":1,"column":1772},"end":{"line":1,"column":1786}},"line":1},"5":{"name":"_templateObject32","decl":{"start":{"line":1,"column":1809},"end":{"line":1,"column":1826}},"loc":{"start":{"line":1,"column":1829},"end":{"line":1,"column":2094}},"line":1},"6":{"name":"_templateObject32","decl":{"start":{"line":1,"column":2046},"end":{"line":1,"column":2063}},"loc":{"start":{"line":1,"column":2066},"end":{"line":1,"column":2080}},"line":1},"7":{"name":"_templateObject31","decl":{"start":{"line":1,"column":2103},"end":{"line":1,"column":2120}},"loc":{"start":{"line":1,"column":2123},"end":{"line":1,"column":2406}},"line":1},"8":{"name":"_templateObject31","decl":{"start":{"line":1,"column":2358},"end":{"line":1,"column":2375}},"loc":{"start":{"line":1,"column":2378},"end":{"line":1,"column":2392}},"line":1},"9":{"name":"_templateObject30","decl":{"start":{"line":1,"column":2415},"end":{"line":1,"column":2432}},"loc":{"start":{"line":1,"column":2435},"end":{"line":1,"column":2728}},"line":1},"10":{"name":"_templateObject30","decl":{"start":{"line":1,"column":2680},"end":{"line":1,"column":2697}},"loc":{"start":{"line":1,"column":2700},"end":{"line":1,"column":2714}},"line":1},"11":{"name":"_templateObject29","decl":{"start":{"line":1,"column":2737},"end":{"line":1,"column":2754}},"loc":{"start":{"line":1,"column":2757},"end":{"line":1,"column":3061}},"line":1},"12":{"name":"_templateObject29","decl":{"start":{"line":1,"column":3013},"end":{"line":1,"column":3030}},"loc":{"start":{"line":1,"column":3033},"end":{"line":1,"column":3047}},"line":1},"13":{"name":"_templateObject28","decl":{"start":{"line":1,"column":3070},"end":{"line":1,"column":3087}},"loc":{"start":{"line":1,"column":3090},"end":{"line":1,"column":3377}},"line":1},"14":{"name":"_templateObject28","decl":{"start":{"line":1,"column":3329},"end":{"line":1,"column":3346}},"loc":{"start":{"line":1,"column":3349},"end":{"line":1,"column":3363}},"line":1},"15":{"name":"_templateObject27","decl":{"start":{"line":1,"column":3386},"end":{"line":1,"column":3403}},"loc":{"start":{"line":1,"column":3406},"end":{"line":1,"column":3668}},"line":1},"16":{"name":"_templateObject27","decl":{"start":{"line":1,"column":3620},"end":{"line":1,"column":3637}},"loc":{"start":{"line":1,"column":3640},"end":{"line":1,"column":3654}},"line":1},"17":{"name":"_templateObject26","decl":{"start":{"line":1,"column":3677},"end":{"line":1,"column":3694}},"loc":{"start":{"line":1,"column":3697},"end":{"line":1,"column":4002}},"line":1},"18":{"name":"_templateObject26","decl":{"start":{"line":1,"column":3954},"end":{"line":1,"column":3971}},"loc":{"start":{"line":1,"column":3974},"end":{"line":1,"column":3988}},"line":1},"19":{"name":"_templateObject25","decl":{"start":{"line":1,"column":4011},"end":{"line":1,"column":4028}},"loc":{"start":{"line":1,"column":4031},"end":{"line":1,"column":4388}},"line":1},"20":{"name":"_templateObject25","decl":{"start":{"line":1,"column":4340},"end":{"line":1,"column":4357}},"loc":{"start":{"line":1,"column":4360},"end":{"line":1,"column":4374}},"line":1},"21":{"name":"_templateObject24","decl":{"start":{"line":1,"column":4397},"end":{"line":1,"column":4414}},"loc":{"start":{"line":1,"column":4417},"end":{"line":1,"column":4722}},"line":1},"22":{"name":"_templateObject24","decl":{"start":{"line":1,"column":4674},"end":{"line":1,"column":4691}},"loc":{"start":{"line":1,"column":4694},"end":{"line":1,"column":4708}},"line":1},"23":{"name":"_templateObject23","decl":{"start":{"line":1,"column":4731},"end":{"line":1,"column":4748}},"loc":{"start":{"line":1,"column":4751},"end":{"line":1,"column":5076}},"line":1},"24":{"name":"_templateObject23","decl":{"start":{"line":1,"column":5028},"end":{"line":1,"column":5045}},"loc":{"start":{"line":1,"column":5048},"end":{"line":1,"column":5062}},"line":1},"25":{"name":"_templateObject22","decl":{"start":{"line":1,"column":5085},"end":{"line":1,"column":5102}},"loc":{"start":{"line":1,"column":5105},"end":{"line":1,"column":5383}},"line":1},"26":{"name":"_templateObject22","decl":{"start":{"line":1,"column":5335},"end":{"line":1,"column":5352}},"loc":{"start":{"line":1,"column":5355},"end":{"line":1,"column":5369}},"line":1},"27":{"name":"_templateObject21","decl":{"start":{"line":1,"column":5392},"end":{"line":1,"column":5409}},"loc":{"start":{"line":1,"column":5412},"end":{"line":1,"column":5686}},"line":1},"28":{"name":"_templateObject21","decl":{"start":{"line":1,"column":5638},"end":{"line":1,"column":5655}},"loc":{"start":{"line":1,"column":5658},"end":{"line":1,"column":5672}},"line":1},"29":{"name":"_templateObject20","decl":{"start":{"line":1,"column":5695},"end":{"line":1,"column":5712}},"loc":{"start":{"line":1,"column":5715},"end":{"line":1,"column":5982}},"line":1},"30":{"name":"_templateObject20","decl":{"start":{"line":1,"column":5934},"end":{"line":1,"column":5951}},"loc":{"start":{"line":1,"column":5954},"end":{"line":1,"column":5968}},"line":1},"31":{"name":"_templateObject19","decl":{"start":{"line":1,"column":5991},"end":{"line":1,"column":6008}},"loc":{"start":{"line":1,"column":6011},"end":{"line":1,"column":6304}},"line":1},"32":{"name":"_templateObject19","decl":{"start":{"line":1,"column":6256},"end":{"line":1,"column":6273}},"loc":{"start":{"line":1,"column":6276},"end":{"line":1,"column":6290}},"line":1},"33":{"name":"_templateObject18","decl":{"start":{"line":1,"column":6313},"end":{"line":1,"column":6330}},"loc":{"start":{"line":1,"column":6333},"end":{"line":1,"column":6649}},"line":1},"34":{"name":"_templateObject18","decl":{"start":{"line":1,"column":6601},"end":{"line":1,"column":6618}},"loc":{"start":{"line":1,"column":6621},"end":{"line":1,"column":6635}},"line":1},"35":{"name":"_templateObject17","decl":{"start":{"line":1,"column":6658},"end":{"line":1,"column":6675}},"loc":{"start":{"line":1,"column":6678},"end":{"line":1,"column":6948}},"line":1},"36":{"name":"_templateObject17","decl":{"start":{"line":1,"column":6900},"end":{"line":1,"column":6917}},"loc":{"start":{"line":1,"column":6920},"end":{"line":1,"column":6934}},"line":1},"37":{"name":"_templateObject16","decl":{"start":{"line":1,"column":6957},"end":{"line":1,"column":6974}},"loc":{"start":{"line":1,"column":6977},"end":{"line":1,"column":7246}},"line":1},"38":{"name":"_templateObject16","decl":{"start":{"line":1,"column":7198},"end":{"line":1,"column":7215}},"loc":{"start":{"line":1,"column":7218},"end":{"line":1,"column":7232}},"line":1},"39":{"name":"_templateObject15","decl":{"start":{"line":1,"column":7255},"end":{"line":1,"column":7272}},"loc":{"start":{"line":1,"column":7275},"end":{"line":1,"column":7563}},"line":1},"40":{"name":"_templateObject15","decl":{"start":{"line":1,"column":7515},"end":{"line":1,"column":7532}},"loc":{"start":{"line":1,"column":7535},"end":{"line":1,"column":7549}},"line":1},"41":{"name":"_templateObject14","decl":{"start":{"line":1,"column":7572},"end":{"line":1,"column":7589}},"loc":{"start":{"line":1,"column":7592},"end":{"line":1,"column":7950}},"line":1},"42":{"name":"_templateObject14","decl":{"start":{"line":1,"column":7902},"end":{"line":1,"column":7919}},"loc":{"start":{"line":1,"column":7922},"end":{"line":1,"column":7936}},"line":1},"43":{"name":"_templateObject13","decl":{"start":{"line":1,"column":7959},"end":{"line":1,"column":7976}},"loc":{"start":{"line":1,"column":7979},"end":{"line":1,"column":8290}},"line":1},"44":{"name":"_templateObject13","decl":{"start":{"line":1,"column":8242},"end":{"line":1,"column":8259}},"loc":{"start":{"line":1,"column":8262},"end":{"line":1,"column":8276}},"line":1},"45":{"name":"_templateObject12","decl":{"start":{"line":1,"column":8299},"end":{"line":1,"column":8316}},"loc":{"start":{"line":1,"column":8319},"end":{"line":1,"column":8773}},"line":1},"46":{"name":"_templateObject12","decl":{"start":{"line":1,"column":8725},"end":{"line":1,"column":8742}},"loc":{"start":{"line":1,"column":8745},"end":{"line":1,"column":8759}},"line":1},"47":{"name":"_templateObject11","decl":{"start":{"line":1,"column":8782},"end":{"line":1,"column":8799}},"loc":{"start":{"line":1,"column":8802},"end":{"line":1,"column":9054}},"line":1},"48":{"name":"_templateObject11","decl":{"start":{"line":1,"column":9006},"end":{"line":1,"column":9023}},"loc":{"start":{"line":1,"column":9026},"end":{"line":1,"column":9040}},"line":1},"49":{"name":"_templateObject10","decl":{"start":{"line":1,"column":9063},"end":{"line":1,"column":9080}},"loc":{"start":{"line":1,"column":9083},"end":{"line":1,"column":9353}},"line":1},"50":{"name":"_templateObject10","decl":{"start":{"line":1,"column":9305},"end":{"line":1,"column":9322}},"loc":{"start":{"line":1,"column":9325},"end":{"line":1,"column":9339}},"line":1},"51":{"name":"_templateObject9","decl":{"start":{"line":1,"column":9362},"end":{"line":1,"column":9378}},"loc":{"start":{"line":1,"column":9381},"end":{"line":1,"column":9636}},"line":1},"52":{"name":"_templateObject9","decl":{"start":{"line":1,"column":9589},"end":{"line":1,"column":9605}},"loc":{"start":{"line":1,"column":9608},"end":{"line":1,"column":9622}},"line":1},"53":{"name":"_templateObject8","decl":{"start":{"line":1,"column":9645},"end":{"line":1,"column":9661}},"loc":{"start":{"line":1,"column":9664},"end":{"line":1,"column":10118}},"line":1},"54":{"name":"_templateObject8","decl":{"start":{"line":1,"column":10071},"end":{"line":1,"column":10087}},"loc":{"start":{"line":1,"column":10090},"end":{"line":1,"column":10104}},"line":1},"55":{"name":"_templateObject7","decl":{"start":{"line":1,"column":10127},"end":{"line":1,"column":10143}},"loc":{"start":{"line":1,"column":10146},"end":{"line":1,"column":10524}},"line":1},"56":{"name":"_templateObject7","decl":{"start":{"line":1,"column":10477},"end":{"line":1,"column":10493}},"loc":{"start":{"line":1,"column":10496},"end":{"line":1,"column":10510}},"line":1},"57":{"name":"_templateObject6","decl":{"start":{"line":1,"column":10533},"end":{"line":1,"column":10549}},"loc":{"start":{"line":1,"column":10552},"end":{"line":1,"column":10894}},"line":1},"58":{"name":"_templateObject6","decl":{"start":{"line":1,"column":10847},"end":{"line":1,"column":10863}},"loc":{"start":{"line":1,"column":10866},"end":{"line":1,"column":10880}},"line":1},"59":{"name":"_templateObject5","decl":{"start":{"line":1,"column":10903},"end":{"line":1,"column":10919}},"loc":{"start":{"line":1,"column":10922},"end":{"line":1,"column":11212}},"line":1},"60":{"name":"_templateObject5","decl":{"start":{"line":1,"column":11165},"end":{"line":1,"column":11181}},"loc":{"start":{"line":1,"column":11184},"end":{"line":1,"column":11198}},"line":1},"61":{"name":"_templateObject4","decl":{"start":{"line":1,"column":11221},"end":{"line":1,"column":11237}},"loc":{"start":{"line":1,"column":11240},"end":{"line":1,"column":11520}},"line":1},"62":{"name":"_templateObject4","decl":{"start":{"line":1,"column":11473},"end":{"line":1,"column":11489}},"loc":{"start":{"line":1,"column":11492},"end":{"line":1,"column":11506}},"line":1},"63":{"name":"_templateObject3","decl":{"start":{"line":1,"column":11529},"end":{"line":1,"column":11545}},"loc":{"start":{"line":1,"column":11548},"end":{"line":1,"column":11785}},"line":1},"64":{"name":"_templateObject3","decl":{"start":{"line":1,"column":11738},"end":{"line":1,"column":11754}},"loc":{"start":{"line":1,"column":11757},"end":{"line":1,"column":11771}},"line":1},"65":{"name":"_templateObject2","decl":{"start":{"line":1,"column":11794},"end":{"line":1,"column":11810}},"loc":{"start":{"line":1,"column":11813},"end":{"line":1,"column":12145}},"line":1},"66":{"name":"_templateObject2","decl":{"start":{"line":1,"column":12098},"end":{"line":1,"column":12114}},"loc":{"start":{"line":1,"column":12117},"end":{"line":1,"column":12131}},"line":1},"67":{"name":"_templateObject","decl":{"start":{"line":1,"column":12154},"end":{"line":1,"column":12169}},"loc":{"start":{"line":1,"column":12172},"end":{"line":1,"column":12567}},"line":1},"68":{"name":"_templateObject","decl":{"start":{"line":1,"column":12521},"end":{"line":1,"column":12536}},"loc":{"start":{"line":1,"column":12539},"end":{"line":1,"column":12553}},"line":1},"69":{"name":"_taggedTemplateLiteralLoose","decl":{"start":{"line":1,"column":12576},"end":{"line":1,"column":12603}},"loc":{"start":{"line":1,"column":12618},"end":{"line":1,"column":12688}},"line":1}},"branchMap":{"0":{"loc":{"start":{"line":1,"column":1106},"end":{"line":1,"column":1152}},"type":"cond-expr","locations":[{"start":{"line":1,"column":1130},"end":{"line":1,"column":1133}},{"start":{"line":1,"column":1136},"end":{"line":1,"column":1152}}],"line":1},"1":{"loc":{"start":{"line":1,"column":1106},"end":{"line":1,"column":1127}},"type":"binary-expr","locations":[{"start":{"line":1,"column":1106},"end":{"line":1,"column":1109}},{"start":{"line":1,"column":1113},"end":{"line":1,"column":1127}}],"line":1},"2":{"loc":{"start":{"line":1,"column":12619},"end":{"line":1,"column":12654}},"type":"if","locations":[{"start":{"line":1,"column":12619},"end":{"line":1,"column":12654}},{"start":{"line":1,"column":12619},"end":{"line":1,"column":12654}}],"line":1}},"s":{"0":1,"1":1,"2":1,"3":1,"4":1,"5":1,"6":0,"7":1,"8":1,"9":1,"10":0,"11":1,"12":1,"13":1,"14":0,"15":1,"16":1,"17":1,"18":0,"19":1,"20":1,"21":1,"22":0,"23":1,"24":1,"25":1,"26":0,"27":1,"28":1,"29":1,"30":0,"31":1,"32":1,"33":1,"34":0,"35":1,"36":1,"37":1,"38":0,"39":1,"40":1,"41":1,"42":0,"43":1,"44":1,"45":1,"46":0,"47":1,"48":1,"49":1,"50":0,"51":1,"52":1,"53":1,"54":0,"55":1,"56":1,"57":1,"58":0,"59":1,"60":1,"61":1,"62":0,"63":1,"64":1,"65":1,"66":0,"67":1,"68":1,"69":1,"70":0,"71":1,"72":1,"73":1,"74":0,"75":1,"76":1,"77":1,"78":0,"79":1,"80":1,"81":1,"82":0,"83":1,"84":1,"85":1,"86":0,"87":1,"88":1,"89":1,"90":0,"91":1,"92":1,"93":1,"94":0,"95":1,"96":1,"97":1,"98":0,"99":1,"100":1,"101":1,"102":0,"103":1,"104":1,"105":1,"106":0,"107":1,"108":1,"109":1,"110":0,"111":1,"112":1,"113":1,"114":0,"115":1,"116":1,"117":1,"118":0,"119":1,"120":1,"121":1,"122":0,"123":1,"124":1,"125":1,"126":0,"127":1,"128":1,"129":1,"130":0,"131":1,"132":1,"133":1,"134":0,"135":1,"136":1,"137":1,"138":0,"139":1,"140":34,"141":34,"142":34,"143":34,"144":1,"145":1,"146":1,"147":1,"148":1,"149":1,"150":1,"151":1,"152":1,"153":1,"154":1,"155":1,"156":1,"157":1,"158":1,"159":1,"160":1,"161":1,"162":1,"163":1,"164":1,"165":1,"166":1,"167":1,"168":1,"169":1,"170":1,"171":1,"172":1,"173":1,"174":1,"175":1,"176":1,"177":1,"178":1,"179":1,"180":1,"181":1,"182":1,"183":1,"184":1,"185":1,"186":1,"187":1,"188":1,"189":1,"190":1,"191":1,"192":1,"193":1,"194":1,"195":1,"196":1,"197":1,"198":1,"199":1,"200":1,"201":1,"202":1,"203":1,"204":1,"205":1,"206":1,"207":1,"208":1,"209":1,"210":1,"211":1},"f":{"0":1,"1":1,"2":0,"3":1,"4":0,"5":1,"6":0,"7":1,"8":0,"9":1,"10":0,"11":1,"12":0,"13":1,"14":0,"15":1,"16":0,"17":1,"18":0,"19":1,"20":0,"21":1,"22":0,"23":1,"24":0,"25":1,"26":0,"27":1,"28":0,"29":1,"30":0,"31":1,"32":0,"33":1,"34":0,"35":1,"36":0,"37":1,"38":0,"39":1,"40":0,"41":1,"42":0,"43":1,"44":0,"45":1,"46":0,"47":1,"48":0,"49":1,"50":0,"51":1,"52":0,"53":1,"54":0,"55":1,"56":0,"57":1,"58":0,"59":1,"60":0,"61":1,"62":0,"63":1,"64":0,"65":1,"66":0,"67":1,"68":0,"69":34},"b":{"0":[0,1],"1":[1,1],"2":[34,0]},"inputSourceMap":null,"_coverageSchema":"1a1c01bbd47fc00a2c39e90264f33305004495a9","hash":"5d2b252ab67792b83f7f1445e714093b29ebf83f"}
}
