TN:
SF:NFQueryCompo.js
FN:5,_interopRequireDefault
FN:10,UserDetails
FN:12,(anonymous_2)
FN:24,GET_STORYLINE_DETAILS
FN:26,(anonymous_4)
FNF:5
FNH:5
FNDA:1,_interopRequireDefault
FNDA:4,UserDetails
FNDA:8,(anonymous_2)
FNDA:4,GET_STORYLINE_DETAILS
FNDA:8,(anonymous_4)
DA:1,1
DA:2,1
DA:3,1
DA:4,1
DA:5,1
DA:10,4
DA:12,8
DA:13,8
DA:14,4
DA:15,2
DA:21,1
DA:24,4
DA:26,8
DA:27,8
DA:28,4
DA:29,2
DA:41,1
LF:17
LH:17
BRDA:5,0,0,0
BRDA:5,0,1,1
BRDA:5,1,0,1
BRDA:5,1,1,1
BRDA:13,2,0,4
BRDA:13,2,1,4
BRDA:14,3,0,2
BRDA:14,3,1,2
BRDA:27,4,0,4
BRDA:27,4,1,4
BRDA:28,5,0,2
BRDA:28,5,1,2
BRDA:33,6,0,0
BRDA:33,6,1,2
BRDA:34,7,0,0
BRDA:34,7,1,2
BRDA:35,8,0,0
BRDA:35,8,1,2
BRDA:36,9,0,2
BRDA:36,9,1,0
BRF:20
BRH:15
end_of_record
TN:
SF:my_queries.js
FN:1,_interopRequireDefault
FN:1,_templateObject34
FN:1,_templateObject34
FN:1,_templateObject33
FN:1,_templateObject33
FN:1,_templateObject32
FN:1,_templateObject32
FN:1,_templateObject31
FN:1,_templateObject31
FN:1,_templateObject30
FN:1,_templateObject30
FN:1,_templateObject29
FN:1,_templateObject29
FN:1,_templateObject28
FN:1,_templateObject28
FN:1,_templateObject27
FN:1,_templateObject27
FN:1,_templateObject26
FN:1,_templateObject26
FN:1,_templateObject25
FN:1,_templateObject25
FN:1,_templateObject24
FN:1,_templateObject24
FN:1,_templateObject23
FN:1,_templateObject23
FN:1,_templateObject22
FN:1,_templateObject22
FN:1,_templateObject21
FN:1,_templateObject21
FN:1,_templateObject20
FN:1,_templateObject20
FN:1,_templateObject19
FN:1,_templateObject19
FN:1,_templateObject18
FN:1,_templateObject18
FN:1,_templateObject17
FN:1,_templateObject17
FN:1,_templateObject16
FN:1,_templateObject16
FN:1,_templateObject15
FN:1,_templateObject15
FN:1,_templateObject14
FN:1,_templateObject14
FN:1,_templateObject13
FN:1,_templateObject13
FN:1,_templateObject12
FN:1,_templateObject12
FN:1,_templateObject11
FN:1,_templateObject11
FN:1,_templateObject10
FN:1,_templateObject10
FN:1,_templateObject9
FN:1,_templateObject9
FN:1,_templateObject8
FN:1,_templateObject8
FN:1,_templateObject7
FN:1,_templateObject7
FN:1,_templateObject6
FN:1,_templateObject6
FN:1,_templateObject5
FN:1,_templateObject5
FN:1,_templateObject4
FN:1,_templateObject4
FN:1,_templateObject3
FN:1,_templateObject3
FN:1,_templateObject2
FN:1,_templateObject2
FN:1,_templateObject
FN:1,_templateObject
FN:1,_taggedTemplateLiteralLoose
FNF:70
FNH:36
FNDA:1,_interopRequireDefault
FNDA:1,_templateObject34
FNDA:0,_templateObject34
FNDA:1,_templateObject33
FNDA:0,_templateObject33
FNDA:1,_templateObject32
FNDA:0,_templateObject32
FNDA:1,_templateObject31
FNDA:0,_templateObject31
FNDA:1,_templateObject30
FNDA:0,_templateObject30
FNDA:1,_templateObject29
FNDA:0,_templateObject29
FNDA:1,_templateObject28
FNDA:0,_templateObject28
FNDA:1,_templateObject27
FNDA:0,_templateObject27
FNDA:1,_templateObject26
FNDA:0,_templateObject26
FNDA:1,_templateObject25
FNDA:0,_templateObject25
FNDA:1,_templateObject24
FNDA:0,_templateObject24
FNDA:1,_templateObject23
FNDA:0,_templateObject23
FNDA:1,_templateObject22
FNDA:0,_templateObject22
FNDA:1,_templateObject21
FNDA:0,_templateObject21
FNDA:1,_templateObject20
FNDA:0,_templateObject20
FNDA:1,_templateObject19
FNDA:0,_templateObject19
FNDA:1,_templateObject18
FNDA:0,_templateObject18
FNDA:1,_templateObject17
FNDA:0,_templateObject17
FNDA:1,_templateObject16
FNDA:0,_templateObject16
FNDA:1,_templateObject15
FNDA:0,_templateObject15
FNDA:1,_templateObject14
FNDA:0,_templateObject14
FNDA:1,_templateObject13
FNDA:0,_templateObject13
FNDA:1,_templateObject12
FNDA:0,_templateObject12
FNDA:1,_templateObject11
FNDA:0,_templateObject11
FNDA:1,_templateObject10
FNDA:0,_templateObject10
FNDA:1,_templateObject9
FNDA:0,_templateObject9
FNDA:1,_templateObject8
FNDA:0,_templateObject8
FNDA:1,_templateObject7
FNDA:0,_templateObject7
FNDA:1,_templateObject6
FNDA:0,_templateObject6
FNDA:1,_templateObject5
FNDA:0,_templateObject5
FNDA:1,_templateObject4
FNDA:0,_templateObject4
FNDA:1,_templateObject3
FNDA:0,_templateObject3
FNDA:1,_templateObject2
FNDA:0,_templateObject2
FNDA:1,_templateObject
FNDA:0,_templateObject
FNDA:34,_taggedTemplateLiteralLoose
DA:1,34
DA:3,1
DA:18,1
DA:25,1
DA:34,1
DA:42,1
DA:63,1
DA:70,1
DA:77,1
DA:95,1
DA:103,1
DA:111,1
DA:119,1
DA:126,1
DA:134,1
DA:155,1
DA:163,1
DA:200,1
DA:210,1
DA:231,1
DA:274,1
DA:282,1
DA:302,1
DA:310,1
DA:323,1
DA:351,1
DA:365,1
DA:376,1
DA:385,1
DA:396,1
DA:404,1
DA:412,1
DA:419,1
DA:424,1
DA:432,1
LF:35
LH:35
BRDA:1,0,0,0
BRDA:1,0,1,1
BRDA:1,1,0,1
BRDA:1,1,1,1
BRDA:1,2,0,34
BRDA:1,2,1,0
BRF:6
BRH:4
end_of_record
