TN:
SF:MutationTestComponent.js
FN:6,_interopRequireDefault
FN:19,UpdateStorylineFollowers
FN:29,(anonymous_2)
FN:36,onPress
FN:52,AddStorylineFollowers
FN:60,(anonymous_5)
FN:67,onPress
FN:82,DeleteStorylineFollower
FN:90,(anonymous_8)
FN:99,onPress
FN:114,AddPollParticipant
FN:124,(anonymous_11)
FN:133,onPress
FN:149,UpdatePollOption
FN:159,(anonymous_14)
FN:168,onPress
FN:184,UpdateTotalVotes
FN:192,(anonymous_17)
FN:201,onPress
FN:216,EntityFollower
FN:218,(anonymous_20)
FN:227,onPress
FN:242,DeleteEntityFollower
FN:250,(anonymous_23)
FN:259,onPress
FN:274,UpdateEntityFollowers
FN:282,(anonymous_26)
FN:291,onPress
FN:306,AddFriend
FN:308,(anonymous_29)
FN:322,onPress
FN:337,UnfriendUser
FN:339,(anonymous_32)
FN:352,onPress
FNF:34
FNH:34
FNDA:1,_interopRequireDefault
FNDA:4,UpdateStorylineFollowers
FNDA:10,(anonymous_2)
FNDA:3,onPress
FNDA:4,AddStorylineFollowers
FNDA:10,(anonymous_5)
FNDA:3,onPress
FNDA:4,DeleteStorylineFollower
FNDA:10,(anonymous_8)
FNDA:3,onPress
FNDA:4,AddPollParticipant
FNDA:10,(anonymous_11)
FNDA:3,onPress
FNDA:4,UpdatePollOption
FNDA:10,(anonymous_14)
FNDA:3,onPress
FNDA:4,UpdateTotalVotes
FNDA:10,(anonymous_17)
FNDA:3,onPress
FNDA:4,EntityFollower
FNDA:10,(anonymous_20)
FNDA:3,onPress
FNDA:4,DeleteEntityFollower
FNDA:10,(anonymous_23)
FNDA:3,onPress
FNDA:4,UpdateEntityFollowers
FNDA:10,(anonymous_26)
FNDA:3,onPress
FNDA:4,AddFriend
FNDA:10,(anonymous_29)
FNDA:3,onPress
FNDA:4,UnfriendUser
FNDA:10,(anonymous_32)
FNDA:3,onPress
DA:1,1
DA:3,1
DA:4,1
DA:5,1
DA:6,1
DA:19,1
DA:20,4
DA:21,4
DA:22,4
DA:29,10
DA:30,10
DA:31,7
DA:32,6
DA:33,4
DA:36,3
DA:48,1
DA:52,1
DA:53,4
DA:54,4
DA:60,10
DA:61,10
DA:62,7
DA:63,6
DA:64,4
DA:67,3
DA:78,1
DA:82,1
DA:83,4
DA:84,4
DA:90,10
DA:91,10
DA:92,7
DA:93,6
DA:94,2
DA:96,4
DA:99,3
DA:110,1
DA:114,1
DA:115,4
DA:116,4
DA:117,4
DA:124,10
DA:125,10
DA:126,7
DA:127,6
DA:128,2
DA:130,4
DA:133,3
DA:145,1
DA:149,1
DA:150,4
DA:151,4
DA:152,4
DA:159,10
DA:160,10
DA:161,7
DA:162,6
DA:163,2
DA:165,4
DA:168,3
DA:180,1
DA:184,1
DA:185,4
DA:186,4
DA:192,10
DA:193,10
DA:194,7
DA:195,6
DA:196,2
DA:198,4
DA:201,3
DA:212,1
DA:216,4
DA:218,10
DA:219,10
DA:220,7
DA:221,6
DA:222,2
DA:224,4
DA:227,3
DA:238,1
DA:242,1
DA:243,4
DA:244,4
DA:250,10
DA:251,10
DA:252,7
DA:253,6
DA:254,2
DA:256,4
DA:259,3
DA:270,1
DA:274,1
DA:275,4
DA:276,4
DA:282,10
DA:283,10
DA:284,7
DA:285,6
DA:286,2
DA:288,4
DA:291,3
DA:302,1
DA:306,4
DA:308,10
DA:309,10
DA:310,7
DA:311,6
DA:312,2
DA:319,4
DA:322,3
DA:333,1
DA:337,4
DA:339,10
DA:340,10
DA:341,7
DA:342,6
DA:343,2
DA:349,4
DA:352,3
DA:363,1
LF:121
LH:121
BRDA:6,0,0,0
BRDA:6,0,1,1
BRDA:6,1,0,1
BRDA:6,1,1,1
BRDA:30,2,0,3
BRDA:30,2,1,7
BRDA:31,3,0,1
BRDA:31,3,1,6
BRDA:32,4,0,2
BRDA:32,4,1,4
BRDA:61,5,0,3
BRDA:61,5,1,7
BRDA:62,6,0,1
BRDA:62,6,1,6
BRDA:63,7,0,2
BRDA:63,7,1,4
BRDA:91,8,0,3
BRDA:91,8,1,7
BRDA:92,9,0,1
BRDA:92,9,1,6
BRDA:93,10,0,2
BRDA:93,10,1,4
BRDA:125,11,0,3
BRDA:125,11,1,7
BRDA:126,12,0,1
BRDA:126,12,1,6
BRDA:127,13,0,2
BRDA:127,13,1,4
BRDA:160,14,0,3
BRDA:160,14,1,7
BRDA:161,15,0,1
BRDA:161,15,1,6
BRDA:162,16,0,2
BRDA:162,16,1,4
BRDA:193,17,0,3
BRDA:193,17,1,7
BRDA:194,18,0,1
BRDA:194,18,1,6
BRDA:195,19,0,2
BRDA:195,19,1,4
BRDA:219,20,0,3
BRDA:219,20,1,7
BRDA:220,21,0,1
BRDA:220,21,1,6
BRDA:221,22,0,2
BRDA:221,22,1,4
BRDA:251,23,0,3
BRDA:251,23,1,7
BRDA:252,24,0,1
BRDA:252,24,1,6
BRDA:253,25,0,2
BRDA:253,25,1,4
BRDA:283,26,0,3
BRDA:283,26,1,7
BRDA:284,27,0,1
BRDA:284,27,1,6
BRDA:285,28,0,2
BRDA:285,28,1,4
BRDA:309,29,0,3
BRDA:309,29,1,7
BRDA:310,30,0,1
BRDA:310,30,1,6
BRDA:311,31,0,2
BRDA:311,31,1,4
BRDA:340,32,0,3
BRDA:340,32,1,7
BRDA:341,33,0,1
BRDA:341,33,1,6
BRDA:342,34,0,2
BRDA:342,34,1,4
BRF:70
BRH:69
end_of_record
TN:
SF:my_queries.js
FN:1,_interopRequireDefault
FN:1,_templateObject31
FN:1,_templateObject31
FN:1,_templateObject30
FN:1,_templateObject30
FN:1,_templateObject29
FN:1,_templateObject29
FN:1,_templateObject28
FN:1,_templateObject28
FN:1,_templateObject27
FN:1,_templateObject27
FN:1,_templateObject26
FN:1,_templateObject26
FN:1,_templateObject25
FN:1,_templateObject25
FN:1,_templateObject24
FN:1,_templateObject24
FN:1,_templateObject23
FN:1,_templateObject23
FN:1,_templateObject22
FN:1,_templateObject22
FN:1,_templateObject21
FN:1,_templateObject21
FN:1,_templateObject20
FN:1,_templateObject20
FN:1,_templateObject19
FN:1,_templateObject19
FN:1,_templateObject18
FN:1,_templateObject18
FN:1,_templateObject17
FN:1,_templateObject17
FN:1,_templateObject16
FN:1,_templateObject16
FN:1,_templateObject15
FN:1,_templateObject15
FN:1,_templateObject14
FN:1,_templateObject14
FN:1,_templateObject13
FN:1,_templateObject13
FN:1,_templateObject12
FN:1,_templateObject12
FN:1,_templateObject11
FN:1,_templateObject11
FN:1,_templateObject10
FN:1,_templateObject10
FN:1,_templateObject9
FN:1,_templateObject9
FN:1,_templateObject8
FN:1,_templateObject8
FN:1,_templateObject7
FN:1,_templateObject7
FN:1,_templateObject6
FN:1,_templateObject6
FN:1,_templateObject5
FN:1,_templateObject5
FN:1,_templateObject4
FN:1,_templateObject4
FN:1,_templateObject3
FN:1,_templateObject3
FN:1,_templateObject2
FN:1,_templateObject2
FN:1,_templateObject
FN:1,_templateObject
FN:1,_taggedTemplateLiteralLoose
FNF:64
FNH:33
FNDA:1,_interopRequireDefault
FNDA:1,_templateObject31
FNDA:0,_templateObject31
FNDA:1,_templateObject30
FNDA:0,_templateObject30
FNDA:1,_templateObject29
FNDA:0,_templateObject29
FNDA:1,_templateObject28
FNDA:0,_templateObject28
FNDA:1,_templateObject27
FNDA:0,_templateObject27
FNDA:1,_templateObject26
FNDA:0,_templateObject26
FNDA:1,_templateObject25
FNDA:0,_templateObject25
FNDA:1,_templateObject24
FNDA:0,_templateObject24
FNDA:1,_templateObject23
FNDA:0,_templateObject23
FNDA:1,_templateObject22
FNDA:0,_templateObject22
FNDA:1,_templateObject21
FNDA:0,_templateObject21
FNDA:1,_templateObject20
FNDA:0,_templateObject20
FNDA:1,_templateObject19
FNDA:0,_templateObject19
FNDA:1,_templateObject18
FNDA:0,_templateObject18
FNDA:1,_templateObject17
FNDA:0,_templateObject17
FNDA:1,_templateObject16
FNDA:0,_templateObject16
FNDA:1,_templateObject15
FNDA:0,_templateObject15
FNDA:1,_templateObject14
FNDA:0,_templateObject14
FNDA:1,_templateObject13
FNDA:0,_templateObject13
FNDA:1,_templateObject12
FNDA:0,_templateObject12
FNDA:1,_templateObject11
FNDA:0,_templateObject11
FNDA:1,_templateObject10
FNDA:0,_templateObject10
FNDA:1,_templateObject9
FNDA:0,_templateObject9
FNDA:1,_templateObject8
FNDA:0,_templateObject8
FNDA:1,_templateObject7
FNDA:0,_templateObject7
FNDA:1,_templateObject6
FNDA:0,_templateObject6
FNDA:1,_templateObject5
FNDA:0,_templateObject5
FNDA:1,_templateObject4
FNDA:0,_templateObject4
FNDA:1,_templateObject3
FNDA:0,_templateObject3
FNDA:1,_templateObject2
FNDA:0,_templateObject2
FNDA:1,_templateObject
FNDA:0,_templateObject
FNDA:31,_taggedTemplateLiteralLoose
DA:1,31
DA:3,1
DA:17,1
DA:26,1
DA:33,1
DA:42,1
DA:50,1
DA:71,1
DA:78,1
DA:85,1
DA:103,1
DA:111,1
DA:119,1
DA:129,1
DA:136,1
DA:144,1
DA:165,1
DA:203,1
DA:213,1
DA:226,1
DA:269,1
DA:277,1
DA:346,1
DA:360,1
DA:371,1
DA:380,1
DA:391,1
DA:399,1
DA:407,1
DA:414,1
DA:419,1
DA:427,1
LF:32
LH:32
BRDA:1,0,0,0
BRDA:1,0,1,1
BRDA:1,1,0,1
BRDA:1,1,1,1
BRDA:1,2,0,31
BRDA:1,2,1,0
BRF:6
BRH:4
end_of_record
